Using pre-set license

 COMMAND LINE ARGUMENTS:
/Applications/Unity/Hub/Editor/2020.3.11f1/Unity.app/Contents/MacOS/Unity
-adb2
-batchMode
-noUpm
-name
AssetImportWorker0
-projectPath
/Users/adrian.armijos.kruge/Documents/GitHub/unityTest/Unity files/Question 1.4
-logFile
Logs/AssetImportWorker0.log
-srvPort
63016
Successfully changed project path to: /Users/adrian.armijos.kruge/Documents/GitHub/unityTest/Unity files/Question 1.4
/Users/adrian.armijos.kruge/Documents/GitHub/unityTest/Unity files/Question 1.4
Using Asset Import Pipeline V2.
Refreshing native plugins compatible for Editor in 98.83 ms, found 2 plugins.
Preloading 0 native plugins for Editor in 0.00 ms.
Initialize engine version: 2020.3.11f1 (99c7afb366b3)
[Subsystems] Discovering subsystems at path /Applications/Unity/Hub/Editor/2020.3.11f1/Unity.app/Contents/Resources/UnitySubsystems
[Subsystems] Discovering subsystems at path /Users/adrian.armijos.kruge/Documents/GitHub/unityTest/Unity files/Question 1.4/Assets
GfxDevice: creating device client; threaded=0
2021-10-11 01:18:08.316 Unity[41185:3732783] iMac preferred device: AMD Radeon Pro Vega 20 (high power)
2021-10-11 01:18:08.316 Unity[41185:3732783] Metal devices available: 1
2021-10-11 01:18:08.316 Unity[41185:3732783] 0: AMD Radeon Pro Vega 20 (high power)
2021-10-11 01:18:08.316 Unity[41185:3732783] Using device AMD Radeon Pro Vega 20 (high power)
Initializing Metal device caps: AMD Radeon Pro Vega 20
Shader 'Universal Render Pipeline/Particles/Lit': fallback shader 'Universal Render Pipeline/Particles/SimpleLit' not found
Initialize mono
Mono path[0] = '/Applications/Unity/Hub/Editor/2020.3.11f1/Unity.app/Contents/Managed'
Mono path[1] = '/Applications/Unity/Hub/Editor/2020.3.11f1/Unity.app/Contents/MonoBleedingEdge/lib/mono/unityjit'
Mono config path = '/Applications/Unity/Hub/Editor/2020.3.11f1/Unity.app/Contents/MonoBleedingEdge/etc'
Using monoOptions --debugger-agent=transport=dt_socket,embedding=1,server=y,suspend=n,address=127.0.0.1:56185
Begin MonoManager ReloadAssembly
Registering precompiled unity dll's ...
Register platform support module: /Applications/Unity/Hub/Editor/2020.3.11f1/PlaybackEngines/WebGLSupport/UnityEditor.WebGL.Extensions.dll
Register platform support module: /Applications/Unity/Hub/Editor/2020.3.11f1/Unity.app/Contents/PlaybackEngines/MacStandaloneSupport/UnityEditor.OSXStandalone.Extensions.dll
Registered in 0.003073 seconds.
Native extension for OSXStandalone target not found
Native extension for WebGL target not found
Refreshing native plugins compatible for Editor in 85.98 ms, found 2 plugins.
Preloading 0 native plugins for Editor in 0.00 ms.
Mono: successfully reloaded assembly
- Completed reload, in  3.081 seconds
Platform modules already initialized, skipping
Registering precompiled user dll's ...
Registered in 0.006739 seconds.
Begin MonoManager ReloadAssembly
Native extension for OSXStandalone target not found
Native extension for WebGL target not found
Refreshing native plugins compatible for Editor in 95.13 ms, found 2 plugins.
Preloading 0 native plugins for Editor in 0.00 ms.
Mono: successfully reloaded assembly
- Completed reload, in  1.862 seconds
Platform modules already initialized, skipping
========================================================================
Worker process is ready to serve import requests
Shader 'Universal Render Pipeline/Particles/Lit': fallback shader 'Universal Render Pipeline/Particles/SimpleLit' not found
Launching external process: /Applications/Unity/Hub/Editor/2020.3.11f1/Unity.app/Contents/Tools/UnityShaderCompiler
Launched and connected shader compiler UnityShaderCompiler after 0.02 seconds
Refreshing native plugins compatible for Editor in 0.87 ms, found 2 plugins.
Preloading 0 native plugins for Editor in 0.00 ms.
Unloading 4612 Unused Serialized files (Serialized files now loaded: 0)
System memory in use before: 334.9 MB.
System memory in use after: 335.1 MB.

Unloading 60 unused Assets to reduce memory usage. Loaded Objects now: 5031.
Total: 5.274670 ms (FindLiveObjects: 0.354718 ms CreateObjectMapping: 0.192513 ms MarkObjects: 4.623674 ms  DeleteObjects: 0.102867 ms)

========================================================================
Received Import Request.
  path: Assets/1.4VFX.vfx
  artifactKey: Guid(9b607fe7eb111457481dda907f260612) Importer(815301076,1909f56bfc062723c751e8b465ee728b)
Start importing Assets/1.4VFX.vfx using Guid(9b607fe7eb111457481dda907f260612) Importer(815301076,1909f56bfc062723c751e8b465ee728b)  -> (artifact id: '2acd217f2834673c0aa445841217dcae') in 0.729785 seconds
  Import took 0.737847 seconds .

========================================================================
Received Import Request.
  Time since last request: 74.791065 seconds.
  path: Assets/1.4VFX.vfx
  artifactKey: Guid(9b607fe7eb111457481dda907f260612) Importer(815301076,1909f56bfc062723c751e8b465ee728b)
Start importing Assets/1.4VFX.vfx using Guid(9b607fe7eb111457481dda907f260612) Importer(815301076,1909f56bfc062723c751e8b465ee728b)  -> (artifact id: '5bba5d6254d9149d9292ec1f926244b6') in 0.003373 seconds
  Import took 0.010539 seconds .

========================================================================
Received Import Request.
  Time since last request: 0.000146 seconds.
  path: Assets/UniversalRenderPipelineAsset.asset
  artifactKey: Guid(587c4b84bda804a10aa9eb4cb34a9f62) Importer(815301076,1909f56bfc062723c751e8b465ee728b)
Start importing Assets/UniversalRenderPipelineAsset.asset using Guid(587c4b84bda804a10aa9eb4cb34a9f62) Importer(815301076,1909f56bfc062723c751e8b465ee728b)  -> (artifact id: 'f82e5276aad61f62dd470811114aa54a') in 0.298376 seconds
  Import took 0.305583 seconds .

========================================================================
Received Import Request.
  Time since last request: 7.053975 seconds.
  path: Assets/Scenes/1.4.unity
  artifactKey: Guid(d5311a224f98945228a94cb3695800ce) Importer(815301076,1909f56bfc062723c751e8b465ee728b)
Start importing Assets/Scenes/1.4.unity using Guid(d5311a224f98945228a94cb3695800ce) Importer(815301076,1909f56bfc062723c751e8b465ee728b)  -> (artifact id: '36efe2367ff8ff729e778f05a3cc8535') in 0.001977 seconds
  Import took 0.008567 seconds .

========================================================================
Received Import Request.
  Time since last request: 4.050011 seconds.
  path: Assets/1.4Settings.lighting
  artifactKey: Guid(dbfee3107b2b44e778e2ded0145dbad6) Importer(815301076,1909f56bfc062723c751e8b465ee728b)
Start importing Assets/1.4Settings.lighting using Guid(dbfee3107b2b44e778e2ded0145dbad6) Importer(815301076,1909f56bfc062723c751e8b465ee728b)  -> (artifact id: 'ffa8fef7d18b6c742c505745473a807a') in 0.152470 seconds
  Import took 0.159168 seconds .

========================================================================
Received Import Request.
  Time since last request: 6.794766 seconds.
  path: Assets/VFX
  artifactKey: Guid(0951282a70cec47b0bd168ce70374137) Importer(815301076,1909f56bfc062723c751e8b465ee728b)
Start importing Assets/VFX using Guid(0951282a70cec47b0bd168ce70374137) Importer(815301076,1909f56bfc062723c751e8b465ee728b)  -> (artifact id: '1d99c8a5a67504a37a24cd5fddeba1f3') in 0.002626 seconds
  Import took 0.009728 seconds .

========================================================================
Received Import Request.
  Time since last request: 0.002133 seconds.
  path: Assets/VFX
  artifactKey: Guid(0951282a70cec47b0bd168ce70374137) Importer(815301076,1909f56bfc062723c751e8b465ee728b)
Start importing Assets/VFX using Guid(0951282a70cec47b0bd168ce70374137) Importer(815301076,1909f56bfc062723c751e8b465ee728b)  -> (artifact id: '1d99c8a5a67504a37a24cd5fddeba1f3') in 0.001175 seconds
  Import took 0.007338 seconds .

