Using pre-set license

 COMMAND LINE ARGUMENTS:
/Applications/Unity/Hub/Editor/2020.3.11f1/Unity.app/Contents/MacOS/Unity
-adb2
-batchMode
-noUpm
-name
AssetImportWorker0
-projectPath
/Users/adrian.armijos.kruge/Documents/GitHub/unityTest/Unity files/Unity entrance test
-logFile
Logs/AssetImportWorker0.log
-srvPort
61173
Successfully changed project path to: /Users/adrian.armijos.kruge/Documents/GitHub/unityTest/Unity files/Unity entrance test
/Users/adrian.armijos.kruge/Documents/GitHub/unityTest/Unity files/Unity entrance test
Using Asset Import Pipeline V2.
Refreshing native plugins compatible for Editor in 88.37 ms, found 2 plugins.
Preloading 0 native plugins for Editor in 0.00 ms.
Initialize engine version: 2020.3.11f1 (99c7afb366b3)
[Subsystems] Discovering subsystems at path /Applications/Unity/Hub/Editor/2020.3.11f1/Unity.app/Contents/Resources/UnitySubsystems
[Subsystems] Discovering subsystems at path /Users/adrian.armijos.kruge/Documents/GitHub/unityTest/Unity files/Unity entrance test/Assets
GfxDevice: creating device client; threaded=0
2021-10-11 00:39:20.925 Unity[39591:3693271] iMac preferred device: AMD Radeon Pro Vega 20 (high power)
2021-10-11 00:39:20.925 Unity[39591:3693271] Metal devices available: 1
2021-10-11 00:39:20.925 Unity[39591:3693271] 0: AMD Radeon Pro Vega 20 (high power)
2021-10-11 00:39:20.926 Unity[39591:3693271] Using device AMD Radeon Pro Vega 20 (high power)
Initializing Metal device caps: AMD Radeon Pro Vega 20
Shader 'Universal Render Pipeline/Particles/Lit': fallback shader 'Universal Render Pipeline/Particles/SimpleLit' not found
Initialize mono
Mono path[0] = '/Applications/Unity/Hub/Editor/2020.3.11f1/Unity.app/Contents/Managed'
Mono path[1] = '/Applications/Unity/Hub/Editor/2020.3.11f1/Unity.app/Contents/MonoBleedingEdge/lib/mono/unityjit'
Mono config path = '/Applications/Unity/Hub/Editor/2020.3.11f1/Unity.app/Contents/MonoBleedingEdge/etc'
Using monoOptions --debugger-agent=transport=dt_socket,embedding=1,server=y,suspend=n,address=127.0.0.1:56591
Begin MonoManager ReloadAssembly
Registering precompiled unity dll's ...
Register platform support module: /Applications/Unity/Hub/Editor/2020.3.11f1/PlaybackEngines/WebGLSupport/UnityEditor.WebGL.Extensions.dll
Register platform support module: /Applications/Unity/Hub/Editor/2020.3.11f1/Unity.app/Contents/PlaybackEngines/MacStandaloneSupport/UnityEditor.OSXStandalone.Extensions.dll
Registered in 0.003721 seconds.
Native extension for OSXStandalone target not found
Native extension for WebGL target not found
Refreshing native plugins compatible for Editor in 81.47 ms, found 2 plugins.
Preloading 0 native plugins for Editor in 0.00 ms.
Mono: successfully reloaded assembly
- Completed reload, in  3.163 seconds
Platform modules already initialized, skipping
Registering precompiled user dll's ...
Registered in 0.005965 seconds.
Begin MonoManager ReloadAssembly
Native extension for OSXStandalone target not found
Native extension for WebGL target not found
Refreshing native plugins compatible for Editor in 89.68 ms, found 2 plugins.
Preloading 0 native plugins for Editor in 0.00 ms.
Mono: successfully reloaded assembly
- Completed reload, in  1.670 seconds
Platform modules already initialized, skipping
========================================================================
Worker process is ready to serve import requests
Shader 'Universal Render Pipeline/Particles/Lit': fallback shader 'Universal Render Pipeline/Particles/SimpleLit' not found
Launching external process: /Applications/Unity/Hub/Editor/2020.3.11f1/Unity.app/Contents/Tools/UnityShaderCompiler
Launched and connected shader compiler UnityShaderCompiler after 0.02 seconds
Refreshing native plugins compatible for Editor in 0.89 ms, found 2 plugins.
Preloading 0 native plugins for Editor in 0.00 ms.
Unloading 4485 Unused Serialized files (Serialized files now loaded: 0)
System memory in use before: 312.2 MB.
System memory in use after: 312.4 MB.

Unloading 60 unused Assets to reduce memory usage. Loaded Objects now: 4890.
Total: 5.207274 ms (FindLiveObjects: 0.353220 ms CreateObjectMapping: 0.186593 ms MarkObjects: 4.582942 ms  DeleteObjects: 0.083545 ms)

========================================================================
Received Import Request.
  path: Assets/UniversalRenderPipelineAsset.asset
  artifactKey: Guid(587c4b84bda804a10aa9eb4cb34a9f62) Importer(815301076,1909f56bfc062723c751e8b465ee728b)
Start importing Assets/UniversalRenderPipelineAsset.asset using Guid(587c4b84bda804a10aa9eb4cb34a9f62) Importer(815301076,1909f56bfc062723c751e8b465ee728b)  -> (artifact id: 'c9825215a8fbde495b51932ce78e3983') in 0.650902 seconds
  Import took 0.656242 seconds .

========================================================================
Received Import Request.
  Time since last request: 0.000202 seconds.
  path: Assets/iStock-1289215271.jpg
  artifactKey: Guid(5e4cba536fe604de599d87cc3ddab8d7) Importer(815301076,1909f56bfc062723c751e8b465ee728b)
Start importing Assets/iStock-1289215271.jpg using Guid(5e4cba536fe604de599d87cc3ddab8d7) Importer(815301076,1909f56bfc062723c751e8b465ee728b)  -> (artifact id: '564c00fc3e89f57544223c815d8180db') in 0.822320 seconds
  Import took 0.827636 seconds .

========================================================================
Received Import Request.
  Time since last request: 0.000160 seconds.
  path: Assets/1.4VFX.vfx
  artifactKey: Guid(9b607fe7eb111457481dda907f260612) Importer(815301076,1909f56bfc062723c751e8b465ee728b)
Start importing Assets/1.4VFX.vfx using Guid(9b607fe7eb111457481dda907f260612) Importer(815301076,1909f56bfc062723c751e8b465ee728b)  -> (artifact id: '287237a090ae736df7215feafecada2d') in 0.259970 seconds
  Import took 0.264848 seconds .

========================================================================
Received Import Request.
  Time since last request: 0.000179 seconds.
  path: Assets/UniversalRenderPipelineAsset_Renderer.asset
  artifactKey: Guid(049d3365051834e6584ab75c5f070ccd) Importer(815301076,1909f56bfc062723c751e8b465ee728b)
Start importing Assets/UniversalRenderPipelineAsset_Renderer.asset using Guid(049d3365051834e6584ab75c5f070ccd) Importer(815301076,1909f56bfc062723c751e8b465ee728b)  -> (artifact id: 'fc7c9e3f9754606543aac89a1f8582b8') in 0.002617 seconds
  Import took 0.007058 seconds .

========================================================================
Received Prepare
Shader 'Universal Render Pipeline/Particles/Lit': fallback shader 'Universal Render Pipeline/Particles/SimpleLit' not found
Refreshing native plugins compatible for Editor in 9.89 ms, found 2 plugins.
Preloading 0 native plugins for Editor in 0.00 ms.
Unloading 50 Unused Serialized files (Serialized files now loaded: 0)
System memory in use before: 226.1 MB.
System memory in use after: 226.3 MB.

Unloading 49 unused Assets to reduce memory usage. Loaded Objects now: 4893.
Total: 5.159893 ms (FindLiveObjects: 0.338305 ms CreateObjectMapping: 0.184135 ms MarkObjects: 4.601145 ms  DeleteObjects: 0.035700 ms)

AssetImportParameters requested are different than current active one (requested -> active):
  custom:srp/default-shader: 0d000000000000000000000000000000 -> 00a0da0d000000000000000000000000
========================================================================
Received Import Request.
  Time since last request: 65.423067 seconds.
  path: Assets/Scenes/1.4.unity
  artifactKey: Guid(d5311a224f98945228a94cb3695800ce) Importer(815301076,1909f56bfc062723c751e8b465ee728b)
Start importing Assets/Scenes/1.4.unity using Guid(d5311a224f98945228a94cb3695800ce) Importer(815301076,1909f56bfc062723c751e8b465ee728b)  -> (artifact id: 'e9be394b225be1445db7fd49ba0a420e') in 0.001931 seconds
  Import took 0.007794 seconds .

========================================================================
Received Import Request.
  Time since last request: 0.006533 seconds.
  path: Assets/Scenes/1.4.unity
  artifactKey: Guid(d5311a224f98945228a94cb3695800ce) Importer(815301076,1909f56bfc062723c751e8b465ee728b)
Start importing Assets/Scenes/1.4.unity using Guid(d5311a224f98945228a94cb3695800ce) Importer(815301076,1909f56bfc062723c751e8b465ee728b)  -> (artifact id: 'e9be394b225be1445db7fd49ba0a420e') in 0.001357 seconds
  Import took 0.007106 seconds .

========================================================================
Received Import Request.
  Time since last request: 1.821870 seconds.
  path: Assets/Scenes/1.1.unity
  artifactKey: Guid(f5960655e722a416e87752103b370efb) Importer(815301076,1909f56bfc062723c751e8b465ee728b)
Start importing Assets/Scenes/1.1.unity using Guid(f5960655e722a416e87752103b370efb) Importer(815301076,1909f56bfc062723c751e8b465ee728b)  -> (artifact id: '0b63e71049549cb947fde6937c6a6ae4') in 0.002546 seconds
  Import took 0.008940 seconds .

========================================================================
Received Import Request.
  Time since last request: 0.000240 seconds.
  path: Assets/Scenes/1.1.unity
  artifactKey: Guid(f5960655e722a416e87752103b370efb) Importer(815301076,1909f56bfc062723c751e8b465ee728b)
Start importing Assets/Scenes/1.1.unity using Guid(f5960655e722a416e87752103b370efb) Importer(815301076,1909f56bfc062723c751e8b465ee728b)  -> (artifact id: '0b63e71049549cb947fde6937c6a6ae4') in 0.001025 seconds
  Import took 0.006698 seconds .

========================================================================
Received Import Request.
  Time since last request: 77.838624 seconds.
  path: Assets/Materials + Shaders/1.1/Diffuse With Full LightProbes.shader
  artifactKey: Guid(c20a47ef3bbce4e9a945e7a39a29b61d) Importer(815301076,1909f56bfc062723c751e8b465ee728b)
Start importing Assets/Materials + Shaders/1.1/Diffuse With Full LightProbes.shader using Guid(c20a47ef3bbce4e9a945e7a39a29b61d) Importer(815301076,1909f56bfc062723c751e8b465ee728b)  -> (artifact id: '25fe82b70f089eecebc7dadfce66d8cd') in 0.144701 seconds
  Import took 0.150750 seconds .

========================================================================
Received Import Request.
  Time since last request: 0.002207 seconds.
  path: Assets/Materials + Shaders/1.1/green.mat
  artifactKey: Guid(fff628d42163c4f93a540a2cc89d46f1) Importer(815301076,1909f56bfc062723c751e8b465ee728b)
Start importing Assets/Materials + Shaders/1.1/green.mat using Guid(fff628d42163c4f93a540a2cc89d46f1) Importer(815301076,1909f56bfc062723c751e8b465ee728b) Launching external process: /Applications/Unity/Hub/Editor/2020.3.11f1/Unity.app/Contents/Tools/UnityShaderCompiler
Launched and connected shader compiler UnityShaderCompiler after 0.01 seconds
Launching external process: /Applications/Unity/Hub/Editor/2020.3.11f1/Unity.app/Contents/Tools/UnityShaderCompiler
Launched and connected shader compiler UnityShaderCompiler after 0.01 seconds
Launching external process: /Applications/Unity/Hub/Editor/2020.3.11f1/Unity.app/Contents/Tools/UnityShaderCompiler
Launched and connected shader compiler UnityShaderCompiler after 0.01 seconds
Launching external process: /Applications/Unity/Hub/Editor/2020.3.11f1/Unity.app/Contents/Tools/UnityShaderCompiler
Launched and connected shader compiler UnityShaderCompiler after 0.01 seconds
Launching external process: /Applications/Unity/Hub/Editor/2020.3.11f1/Unity.app/Contents/Tools/UnityShaderCompiler
Launched and connected shader compiler UnityShaderCompiler after 0.01 seconds
Launching external process: /Applications/Unity/Hub/Editor/2020.3.11f1/Unity.app/Contents/Tools/UnityShaderCompiler
Launched and connected shader compiler UnityShaderCompiler after 0.01 seconds
Launching external process: /Applications/Unity/Hub/Editor/2020.3.11f1/Unity.app/Contents/Tools/UnityShaderCompiler
Launched and connected shader compiler UnityShaderCompiler after 0.01 seconds
Launching external process: /Applications/Unity/Hub/Editor/2020.3.11f1/Unity.app/Contents/Tools/UnityShaderCompiler
Launched and connected shader compiler UnityShaderCompiler after 0.01 seconds
Launching external process: /Applications/Unity/Hub/Editor/2020.3.11f1/Unity.app/Contents/Tools/UnityShaderCompiler
Launched and connected shader compiler UnityShaderCompiler after 0.01 seconds
Launching external process: /Applications/Unity/Hub/Editor/2020.3.11f1/Unity.app/Contents/Tools/UnityShaderCompiler
Launched and connected shader compiler UnityShaderCompiler after 0.01 seconds
Launching external process: /Applications/Unity/Hub/Editor/2020.3.11f1/Unity.app/Contents/Tools/UnityShaderCompiler
Launched and connected shader compiler UnityShaderCompiler after 0.01 seconds
 -> (artifact id: '8afb6a1f97bd738ed8587d9219cf1722') in 17.928680 seconds
  Import took 17.939269 seconds .

========================================================================
Received Import Request.
  Time since last request: 0.003580 seconds.
  path: Assets/Materials + Shaders/1.1/Full Shadows.mat
  artifactKey: Guid(442e8cbeb90f14ffea2bfc81786fab24) Importer(815301076,1909f56bfc062723c751e8b465ee728b)
Start importing Assets/Materials + Shaders/1.1/Full Shadows.mat using Guid(442e8cbeb90f14ffea2bfc81786fab24) Importer(815301076,1909f56bfc062723c751e8b465ee728b)  -> (artifact id: '1bc7824e0310184ba9218b5007d8636f') in 0.075375 seconds
  Import took 0.082798 seconds .

========================================================================
Received Import Request.
  Time since last request: 0.002121 seconds.
  path: Assets/Animations/move arround Legacy.anim
  artifactKey: Guid(9a74bbbf027f34bbbb1f9fa6550f6b90) Importer(815301076,1909f56bfc062723c751e8b465ee728b)
Start importing Assets/Animations/move arround Legacy.anim using Guid(9a74bbbf027f34bbbb1f9fa6550f6b90) Importer(815301076,1909f56bfc062723c751e8b465ee728b)  -> (artifact id: '6a723530193147a2fd001717a8c7cfc1') in 0.133192 seconds
  Import took 0.138634 seconds .

========================================================================
Received Import Request.
  Time since last request: 0.001384 seconds.
  path: Assets/Materials + Shaders/1.1/Only Light Probes.mat
  artifactKey: Guid(91a86e36c437647fb8d8e13a5ab986de) Importer(815301076,1909f56bfc062723c751e8b465ee728b)
Start importing Assets/Materials + Shaders/1.1/Only Light Probes.mat using Guid(91a86e36c437647fb8d8e13a5ab986de) Importer(815301076,1909f56bfc062723c751e8b465ee728b)  -> (artifact id: '32606a0c450ea7539479c5c8a04a7c82') in 0.065568 seconds
  Import took 0.072533 seconds .

========================================================================
Received Import Request.
  Time since last request: 0.002027 seconds.
  path: Assets/Materials + Shaders/1.1/red.mat
  artifactKey: Guid(96821b4fff1c4496bba7f812fc3b5e84) Importer(815301076,1909f56bfc062723c751e8b465ee728b)
Start importing Assets/Materials + Shaders/1.1/red.mat using Guid(96821b4fff1c4496bba7f812fc3b5e84) Importer(815301076,1909f56bfc062723c751e8b465ee728b)  -> (artifact id: 'f575f1413c6ad08757f1b11eb4f2412b') in 0.064815 seconds
  Import took 0.072067 seconds .

========================================================================
Received Import Request.
  Time since last request: 0.002959 seconds.
  path: Assets/Materials + Shaders/1.1/Diffuse With LightProbes.shader
  artifactKey: Guid(0cd598e5b423245bca0bc572e4ebc8a0) Importer(815301076,1909f56bfc062723c751e8b465ee728b)
Start importing Assets/Materials + Shaders/1.1/Diffuse With LightProbes.shader using Guid(0cd598e5b423245bca0bc572e4ebc8a0) Importer(815301076,1909f56bfc062723c751e8b465ee728b)  -> (artifact id: 'd40c60a526b94e600e9743ea4109193a') in 0.001711 seconds
  Import took 0.008577 seconds .

========================================================================
Received Import Request.
  Time since last request: 35.429746 seconds.
  path: Assets/Scenes/1.4Settings.lighting
  artifactKey: Guid(dbfee3107b2b44e778e2ded0145dbad6) Importer(815301076,1909f56bfc062723c751e8b465ee728b)
Start importing Assets/Scenes/1.4Settings.lighting using Guid(dbfee3107b2b44e778e2ded0145dbad6) Importer(815301076,1909f56bfc062723c751e8b465ee728b)  -> (artifact id: 'eeba46b424b2317f67f9cc4a239b868d') in 0.134840 seconds
  Import took 0.142530 seconds .

========================================================================
Received Import Request.
  Time since last request: 26.285624 seconds.
  path: Assets/Materials + Shaders/default.mat
  artifactKey: Guid(9d0cc540beacc461db30167af7ee14d8) Importer(815301076,1909f56bfc062723c751e8b465ee728b)
Start importing Assets/Materials + Shaders/default.mat using Guid(9d0cc540beacc461db30167af7ee14d8) Importer(815301076,1909f56bfc062723c751e8b465ee728b)  -> (artifact id: '6e2755e61630b8fcbb110a81f201c085') in 0.205535 seconds
  Import took 0.214475 seconds .

========================================================================
Received Prepare
Registering precompiled user dll's ...
Registered in 0.009247 seconds.
Begin MonoManager ReloadAssembly
Native extension for OSXStandalone target not found
Native extension for WebGL target not found
Refreshing native plugins compatible for Editor in 0.91 ms, found 2 plugins.
Preloading 0 native plugins for Editor in 0.00 ms.
Mono: successfully reloaded assembly
- Completed reload, in  2.004 seconds
Platform modules already initialized, skipping
Shader 'Universal Render Pipeline/Particles/Lit': fallback shader 'Universal Render Pipeline/Particles/SimpleLit' not found
Refreshing native plugins compatible for Editor in 0.91 ms, found 2 plugins.
Preloading 0 native plugins for Editor in 0.00 ms.
Unloading 4473 Unused Serialized files (Serialized files now loaded: 0)
System memory in use before: 373.7 MB.
System memory in use after: 373.9 MB.

Unloading 51 unused Assets to reduce memory usage. Loaded Objects now: 5271.
Total: 5.929747 ms (FindLiveObjects: 0.591888 ms CreateObjectMapping: 0.369257 ms MarkObjects: 4.917242 ms  DeleteObjects: 0.050459 ms)

========================================================================
Received Prepare
Registering precompiled user dll's ...
Registered in 0.004999 seconds.
Begin MonoManager ReloadAssembly
Native extension for OSXStandalone target not found
Native extension for WebGL target not found
Refreshing native plugins compatible for Editor in 0.89 ms, found 2 plugins.
Preloading 0 native plugins for Editor in 0.00 ms.
Mono: successfully reloaded assembly
- Completed reload, in  1.507 seconds
Platform modules already initialized, skipping
Shader 'Universal Render Pipeline/Particles/Lit': fallback shader 'Universal Render Pipeline/Particles/SimpleLit' not found
Refreshing native plugins compatible for Editor in 0.88 ms, found 2 plugins.
Preloading 0 native plugins for Editor in 0.00 ms.
Unloading 4289 Unused Serialized files (Serialized files now loaded: 0)
System memory in use before: 368.4 MB.
System memory in use after: 368.7 MB.

Unloading 51 unused Assets to reduce memory usage. Loaded Objects now: 5274.
Total: 5.695757 ms (FindLiveObjects: 0.370634 ms CreateObjectMapping: 0.178888 ms MarkObjects: 5.096315 ms  DeleteObjects: 0.049070 ms)

========================================================================
Received Import Request.
  Time since last request: 92.487965 seconds.
  path: Assets/1.4VFX.vfx
  artifactKey: Guid(9b607fe7eb111457481dda907f260612) Importer(815301076,1909f56bfc062723c751e8b465ee728b)
Start importing Assets/1.4VFX.vfx using Guid(9b607fe7eb111457481dda907f260612) Importer(815301076,1909f56bfc062723c751e8b465ee728b)  -> (artifact id: '412d74b4e7f5091859732ed304964168') in 0.020136 seconds
  Import took 0.026816 seconds .

========================================================================
Received Import Request.
  Time since last request: 0.002236 seconds.
  path: Assets/1.4VFX.vfx
  artifactKey: Guid(9b607fe7eb111457481dda907f260612) Importer(815301076,1909f56bfc062723c751e8b465ee728b)
Start importing Assets/1.4VFX.vfx using Guid(9b607fe7eb111457481dda907f260612) Importer(815301076,1909f56bfc062723c751e8b465ee728b)  -> (artifact id: '412d74b4e7f5091859732ed304964168') in 0.003201 seconds
  Import took 0.009360 seconds .

========================================================================
Received Import Request.
  Time since last request: 7.483993 seconds.
  path: Assets/1.4VFX.vfx
  artifactKey: Guid(9b607fe7eb111457481dda907f260612) Importer(815301076,1909f56bfc062723c751e8b465ee728b)
Start importing Assets/1.4VFX.vfx using Guid(9b607fe7eb111457481dda907f260612) Importer(815301076,1909f56bfc062723c751e8b465ee728b)  -> (artifact id: 'fcc394b9d5746e36c7ea85376c3bfafb') in 0.003225 seconds
  Import took 0.010902 seconds .

========================================================================
Received Import Request.
  Time since last request: 13.373251 seconds.
  path: Packages/com.unity.visualeffectgraph/Textures/DefaultParticle.tga
  artifactKey: Guid(276d9e395ae18fe40a9b4988549f2349) Importer(815301076,1909f56bfc062723c751e8b465ee728b)
Start importing Packages/com.unity.visualeffectgraph/Textures/DefaultParticle.tga using Guid(276d9e395ae18fe40a9b4988549f2349) Importer(815301076,1909f56bfc062723c751e8b465ee728b)  -> (artifact id: '613905f633321b2e72f95d9b9390ce90') in 0.709628 seconds
  Import took 0.716089 seconds .

========================================================================
Received Import Request.
  Time since last request: 0.000167 seconds.
  path: Packages/com.unity.visualeffectgraph/Textures/SignedDistanceField.asset
  artifactKey: Guid(5c2949c31aafddd4e8011ffdebb8fdf7) Importer(815301076,1909f56bfc062723c751e8b465ee728b)
Start importing Packages/com.unity.visualeffectgraph/Textures/SignedDistanceField.asset using Guid(5c2949c31aafddd4e8011ffdebb8fdf7) Importer(815301076,1909f56bfc062723c751e8b465ee728b)  -> (artifact id: '82ce7fda9a5dd0427a51c6cb99d792f5') in 0.130243 seconds
  Import took 0.136871 seconds .

========================================================================
Received Import Request.
  Time since last request: 0.000234 seconds.
  path: Packages/com.unity.visualeffectgraph/Textures/Sphere.tga
  artifactKey: Guid(d01d8874889eebc4ab0cde7f2b3309de) Importer(815301076,1909f56bfc062723c751e8b465ee728b)
Start importing Packages/com.unity.visualeffectgraph/Textures/Sphere.tga using Guid(d01d8874889eebc4ab0cde7f2b3309de) Importer(815301076,1909f56bfc062723c751e8b465ee728b)  -> (artifact id: 'e812982c811f9e98e497e5b4d47a40f7') in 0.005977 seconds
  Import took 0.012870 seconds .

========================================================================
Received Import Request.
  Time since last request: 0.000177 seconds.
  path: Packages/com.unity.visualeffectgraph/Textures/Sparkle.tga
  artifactKey: Guid(49cb5aa34272b034d8b754c65d9cdbfa) Importer(815301076,1909f56bfc062723c751e8b465ee728b)
Start importing Packages/com.unity.visualeffectgraph/Textures/Sparkle.tga using Guid(49cb5aa34272b034d8b754c65d9cdbfa) Importer(815301076,1909f56bfc062723c751e8b465ee728b)  -> (artifact id: '98c86be3a252a17cbb4704bb3c934a0c') in 0.004569 seconds
  Import took 0.010663 seconds .

========================================================================
Received Import Request.
  Time since last request: 0.000162 seconds.
  path: Packages/com.unity.visualeffectgraph/Textures/vectorfield.asset
  artifactKey: Guid(08937e3134903c5488be506a2dac71e9) Importer(815301076,1909f56bfc062723c751e8b465ee728b)
Start importing Packages/com.unity.visualeffectgraph/Textures/vectorfield.asset using Guid(08937e3134903c5488be506a2dac71e9) Importer(815301076,1909f56bfc062723c751e8b465ee728b)  -> (artifact id: 'a9a037ba1ad5ff764aff900186f15b2a') in 0.018941 seconds
  Import took 0.024990 seconds .

========================================================================
Received Import Request.
  Time since last request: 0.000310 seconds.
  path: Packages/com.unity.visualeffectgraph/Textures/DefaultParticle.tga
  artifactKey: Guid(276d9e395ae18fe40a9b4988549f2349) Importer(815301076,1909f56bfc062723c751e8b465ee728b)
Start importing Packages/com.unity.visualeffectgraph/Textures/DefaultParticle.tga using Guid(276d9e395ae18fe40a9b4988549f2349) Importer(815301076,1909f56bfc062723c751e8b465ee728b)  -> (artifact id: '613905f633321b2e72f95d9b9390ce90') in 0.004176 seconds
  Import took 0.010656 seconds .

========================================================================
Received Import Request.
  Time since last request: 0.000195 seconds.
  path: Packages/com.unity.visualeffectgraph/Textures/Noise.tga
  artifactKey: Guid(1d8481de16af723418a688958c41224b) Importer(815301076,1909f56bfc062723c751e8b465ee728b)
Start importing Packages/com.unity.visualeffectgraph/Textures/Noise.tga using Guid(1d8481de16af723418a688958c41224b) Importer(815301076,1909f56bfc062723c751e8b465ee728b)  -> (artifact id: 'e70e927f58032e369f46ea6483d1923e') in 0.005761 seconds
  Import took 0.011981 seconds .

========================================================================
Received Import Request.
  Time since last request: 0.000143 seconds.
  path: Packages/com.unity.visualeffectgraph/Textures/SimpleSmoke.tga
  artifactKey: Guid(de0fae515169ff246a20d58a8a440ed0) Importer(815301076,1909f56bfc062723c751e8b465ee728b)
Start importing Packages/com.unity.visualeffectgraph/Textures/SimpleSmoke.tga using Guid(de0fae515169ff246a20d58a8a440ed0) Importer(815301076,1909f56bfc062723c751e8b465ee728b)  -> (artifact id: '2514100713670de5034a105edbc51090') in 0.006156 seconds
  Import took 0.012481 seconds .

========================================================================
Received Import Request.
  Time since last request: 26.190408 seconds.
  path: Assets/1.4VFX.vfx
  artifactKey: Guid(9b607fe7eb111457481dda907f260612) Importer(815301076,1909f56bfc062723c751e8b465ee728b)
Start importing Assets/1.4VFX.vfx using Guid(9b607fe7eb111457481dda907f260612) Importer(815301076,1909f56bfc062723c751e8b465ee728b)  -> (artifact id: '703589bdc34613ed7d9067a2ae44175d') in 0.004022 seconds
  Import took 0.012143 seconds .

========================================================================
Received Import Request.
  Time since last request: 2.591150 seconds.
  path: Assets/1.4VFX.vfx
  artifactKey: Guid(9b607fe7eb111457481dda907f260612) Importer(815301076,1909f56bfc062723c751e8b465ee728b)
Start importing Assets/1.4VFX.vfx using Guid(9b607fe7eb111457481dda907f260612) Importer(815301076,1909f56bfc062723c751e8b465ee728b)  -> (artifact id: 'c29799fa804d0077db97f4118447af3a') in 0.003599 seconds
  Import took 0.010913 seconds .

========================================================================
Received Import Request.
  Time since last request: 43.868269 seconds.
  path: Assets/1.4VFX.vfx
  artifactKey: Guid(9b607fe7eb111457481dda907f260612) Importer(815301076,1909f56bfc062723c751e8b465ee728b)
Start importing Assets/1.4VFX.vfx using Guid(9b607fe7eb111457481dda907f260612) Importer(815301076,1909f56bfc062723c751e8b465ee728b)  -> (artifact id: '4e438278c6665e59d3a47b2fb3643fe6') in 0.003319 seconds
  Import took 0.010447 seconds .

========================================================================
Received Import Request.
  Time since last request: 0.128953 seconds.
  path: Assets/1.4VFX.vfx
  artifactKey: Guid(9b607fe7eb111457481dda907f260612) Importer(815301076,1909f56bfc062723c751e8b465ee728b)
Start importing Assets/1.4VFX.vfx using Guid(9b607fe7eb111457481dda907f260612) Importer(815301076,1909f56bfc062723c751e8b465ee728b)  -> (artifact id: '4e438278c6665e59d3a47b2fb3643fe6') in 0.003303 seconds
  Import took 0.009789 seconds .

========================================================================
Received Prepare
Registering precompiled user dll's ...
Registered in 0.004601 seconds.
Begin MonoManager ReloadAssembly
Native extension for OSXStandalone target not found
Native extension for WebGL target not found
Refreshing native plugins compatible for Editor in 1.09 ms, found 2 plugins.
Preloading 0 native plugins for Editor in 0.00 ms.
Mono: successfully reloaded assembly
- Completed reload, in  1.612 seconds
Platform modules already initialized, skipping
Shader 'Universal Render Pipeline/Particles/Lit': fallback shader 'Universal Render Pipeline/Particles/SimpleLit' not found
Refreshing native plugins compatible for Editor in 0.89 ms, found 2 plugins.
Preloading 0 native plugins for Editor in 0.00 ms.
Unloading 4289 Unused Serialized files (Serialized files now loaded: 0)
System memory in use before: 373.3 MB.
System memory in use after: 373.6 MB.

Unloading 51 unused Assets to reduce memory usage. Loaded Objects now: 5284.
Total: 5.290947 ms (FindLiveObjects: 0.381409 ms CreateObjectMapping: 0.202302 ms MarkObjects: 4.655378 ms  DeleteObjects: 0.051114 ms)

========================================================================
Received Import Request.
  Time since last request: 341.246535 seconds.
  path: Assets/1.4VFX.vfx
  artifactKey: Guid(9b607fe7eb111457481dda907f260612) Importer(815301076,1909f56bfc062723c751e8b465ee728b)
Start importing Assets/1.4VFX.vfx using Guid(9b607fe7eb111457481dda907f260612) Importer(815301076,1909f56bfc062723c751e8b465ee728b)  -> (artifact id: '70ba779b2590609293e4530832a370b2') in 0.015329 seconds
  Import took 0.021759 seconds .

========================================================================
Received Import Request.
  Time since last request: 0.000317 seconds.
  path: Assets/1.4VFX.vfx
  artifactKey: Guid(9b607fe7eb111457481dda907f260612) Importer(815301076,1909f56bfc062723c751e8b465ee728b)
Start importing Assets/1.4VFX.vfx using Guid(9b607fe7eb111457481dda907f260612) Importer(815301076,1909f56bfc062723c751e8b465ee728b)  -> (artifact id: '70ba779b2590609293e4530832a370b2') in 0.002789 seconds
  Import took 0.009095 seconds .

========================================================================
Received Import Request.
  Time since last request: 139.692807 seconds.
  path: Assets/1.4VFX.vfx
  artifactKey: Guid(9b607fe7eb111457481dda907f260612) Importer(815301076,1909f56bfc062723c751e8b465ee728b)
Start importing Assets/1.4VFX.vfx using Guid(9b607fe7eb111457481dda907f260612) Importer(815301076,1909f56bfc062723c751e8b465ee728b)  -> (artifact id: '2d32dfe02b633a849f19af826dafa153') in 0.003343 seconds
  Import took 0.010039 seconds .

========================================================================
Received Import Request.
  Time since last request: 14.184799 seconds.
  path: Assets/1.4VFX.vfx
  artifactKey: Guid(9b607fe7eb111457481dda907f260612) Importer(815301076,1909f56bfc062723c751e8b465ee728b)
Start importing Assets/1.4VFX.vfx using Guid(9b607fe7eb111457481dda907f260612) Importer(815301076,1909f56bfc062723c751e8b465ee728b)  -> (artifact id: 'ea11f5482d69326d37408ceeafffe494') in 0.003408 seconds
  Import took 0.010325 seconds .

========================================================================
Received Import Request.
  Time since last request: 0.005130 seconds.
  path: Assets/1.4VFX.vfx
  artifactKey: Guid(9b607fe7eb111457481dda907f260612) Importer(815301076,1909f56bfc062723c751e8b465ee728b)
Start importing Assets/1.4VFX.vfx using Guid(9b607fe7eb111457481dda907f260612) Importer(815301076,1909f56bfc062723c751e8b465ee728b)  -> (artifact id: 'ea11f5482d69326d37408ceeafffe494') in 0.003106 seconds
  Import took 0.010545 seconds .

========================================================================
Received Import Request.
  Time since last request: 1.467514 seconds.
  path: Assets/1.4VFX.vfx
  artifactKey: Guid(9b607fe7eb111457481dda907f260612) Importer(815301076,1909f56bfc062723c751e8b465ee728b)
Start importing Assets/1.4VFX.vfx using Guid(9b607fe7eb111457481dda907f260612) Importer(815301076,1909f56bfc062723c751e8b465ee728b)  -> (artifact id: 'c92fee404e9e8f129929dcb9e7384a93') in 0.004437 seconds
  Import took 0.011387 seconds .

========================================================================
Received Import Request.
  Time since last request: 0.002912 seconds.
  path: Assets/1.4VFX.vfx
  artifactKey: Guid(9b607fe7eb111457481dda907f260612) Importer(815301076,1909f56bfc062723c751e8b465ee728b)
Start importing Assets/1.4VFX.vfx using Guid(9b607fe7eb111457481dda907f260612) Importer(815301076,1909f56bfc062723c751e8b465ee728b)  -> (artifact id: 'c92fee404e9e8f129929dcb9e7384a93') in 0.002863 seconds
  Import took 0.008953 seconds .

========================================================================
Received Import Request.
  Time since last request: 4.094504 seconds.
  path: Assets/1.4VFX.vfx
  artifactKey: Guid(9b607fe7eb111457481dda907f260612) Importer(815301076,1909f56bfc062723c751e8b465ee728b)
Start importing Assets/1.4VFX.vfx using Guid(9b607fe7eb111457481dda907f260612) Importer(815301076,1909f56bfc062723c751e8b465ee728b)  -> (artifact id: '165d4068bedba4ef482a8de93b98ded3') in 0.004462 seconds
  Import took 0.011678 seconds .

========================================================================
Received Import Request.
  Time since last request: 0.033503 seconds.
  path: Assets/1.4VFX.vfx
  artifactKey: Guid(9b607fe7eb111457481dda907f260612) Importer(815301076,1909f56bfc062723c751e8b465ee728b)
Start importing Assets/1.4VFX.vfx using Guid(9b607fe7eb111457481dda907f260612) Importer(815301076,1909f56bfc062723c751e8b465ee728b)  -> (artifact id: '165d4068bedba4ef482a8de93b98ded3') in 0.002786 seconds
  Import took 0.008780 seconds .

========================================================================
Received Import Request.
  Time since last request: 8.893098 seconds.
  path: Assets/1.4VFX.vfx
  artifactKey: Guid(9b607fe7eb111457481dda907f260612) Importer(815301076,1909f56bfc062723c751e8b465ee728b)
Start importing Assets/1.4VFX.vfx using Guid(9b607fe7eb111457481dda907f260612) Importer(815301076,1909f56bfc062723c751e8b465ee728b)  -> (artifact id: '7f35445e662917e23f0a8c8b3d9018cc') in 0.004574 seconds
  Import took 0.011457 seconds .

========================================================================
Received Import Request.
  Time since last request: 0.045319 seconds.
  path: Assets/1.4VFX.vfx
  artifactKey: Guid(9b607fe7eb111457481dda907f260612) Importer(815301076,1909f56bfc062723c751e8b465ee728b)
Start importing Assets/1.4VFX.vfx using Guid(9b607fe7eb111457481dda907f260612) Importer(815301076,1909f56bfc062723c751e8b465ee728b)  -> (artifact id: '7f35445e662917e23f0a8c8b3d9018cc') in 0.002852 seconds
  Import took 0.009372 seconds .

========================================================================
Received Import Request.
  Time since last request: 4.451291 seconds.
  path: Assets/1.4VFX.vfx
  artifactKey: Guid(9b607fe7eb111457481dda907f260612) Importer(815301076,1909f56bfc062723c751e8b465ee728b)
Start importing Assets/1.4VFX.vfx using Guid(9b607fe7eb111457481dda907f260612) Importer(815301076,1909f56bfc062723c751e8b465ee728b)  -> (artifact id: 'e52fac86f0c54f9019a6f5352ebee949') in 0.003453 seconds
  Import took 0.010178 seconds .

========================================================================
Received Import Request.
  Time since last request: 2.494099 seconds.
  path: Assets/1.4VFX.vfx
  artifactKey: Guid(9b607fe7eb111457481dda907f260612) Importer(815301076,1909f56bfc062723c751e8b465ee728b)
Start importing Assets/1.4VFX.vfx using Guid(9b607fe7eb111457481dda907f260612) Importer(815301076,1909f56bfc062723c751e8b465ee728b)  -> (artifact id: 'b432d7d614390cf7efcebf2dabd04f2b') in 0.003419 seconds
  Import took 0.010417 seconds .

========================================================================
Received Import Request.
  Time since last request: 2.944619 seconds.
  path: Assets/1.4VFX.vfx
  artifactKey: Guid(9b607fe7eb111457481dda907f260612) Importer(815301076,1909f56bfc062723c751e8b465ee728b)
Start importing Assets/1.4VFX.vfx using Guid(9b607fe7eb111457481dda907f260612) Importer(815301076,1909f56bfc062723c751e8b465ee728b)  -> (artifact id: '4d52bdce6cee8c8f4d014f54b1ffa95e') in 0.004207 seconds
  Import took 0.010717 seconds .

========================================================================
Received Import Request.
  Time since last request: 0.041000 seconds.
  path: Assets/1.4VFX.vfx
  artifactKey: Guid(9b607fe7eb111457481dda907f260612) Importer(815301076,1909f56bfc062723c751e8b465ee728b)
Start importing Assets/1.4VFX.vfx using Guid(9b607fe7eb111457481dda907f260612) Importer(815301076,1909f56bfc062723c751e8b465ee728b)  -> (artifact id: '4d52bdce6cee8c8f4d014f54b1ffa95e') in 0.004230 seconds
  Import took 0.010630 seconds .

========================================================================
Received Import Request.
  Time since last request: 6.319778 seconds.
  path: Assets/1.4VFX.vfx
  artifactKey: Guid(9b607fe7eb111457481dda907f260612) Importer(815301076,1909f56bfc062723c751e8b465ee728b)
Start importing Assets/1.4VFX.vfx using Guid(9b607fe7eb111457481dda907f260612) Importer(815301076,1909f56bfc062723c751e8b465ee728b)  -> (artifact id: '54f1e55b7e4c426e1d645ffc8e71d3ab') in 0.003722 seconds
  Import took 0.010137 seconds .

========================================================================
Received Import Request.
  Time since last request: 0.030268 seconds.
  path: Assets/1.4VFX.vfx
  artifactKey: Guid(9b607fe7eb111457481dda907f260612) Importer(815301076,1909f56bfc062723c751e8b465ee728b)
Start importing Assets/1.4VFX.vfx using Guid(9b607fe7eb111457481dda907f260612) Importer(815301076,1909f56bfc062723c751e8b465ee728b)  -> (artifact id: '54f1e55b7e4c426e1d645ffc8e71d3ab') in 0.002742 seconds
  Import took 0.008863 seconds .

========================================================================
Received Import Request.
  Time since last request: 1.473492 seconds.
  path: Assets/1.4VFX.vfx
  artifactKey: Guid(9b607fe7eb111457481dda907f260612) Importer(815301076,1909f56bfc062723c751e8b465ee728b)
Start importing Assets/1.4VFX.vfx using Guid(9b607fe7eb111457481dda907f260612) Importer(815301076,1909f56bfc062723c751e8b465ee728b)  -> (artifact id: '8a769e711b5f8d8d029ab5c8e733e78c') in 0.003657 seconds
  Import took 0.011296 seconds .

========================================================================
Received Import Request.
  Time since last request: 0.039951 seconds.
  path: Assets/1.4VFX.vfx
  artifactKey: Guid(9b607fe7eb111457481dda907f260612) Importer(815301076,1909f56bfc062723c751e8b465ee728b)
Start importing Assets/1.4VFX.vfx using Guid(9b607fe7eb111457481dda907f260612) Importer(815301076,1909f56bfc062723c751e8b465ee728b)  -> (artifact id: '8a769e711b5f8d8d029ab5c8e733e78c') in 0.002866 seconds
  Import took 0.009356 seconds .

========================================================================
Received Import Request.
  Time since last request: 167.017721 seconds.
  path: Assets/1.4VFX.vfx
  artifactKey: Guid(9b607fe7eb111457481dda907f260612) Importer(815301076,1909f56bfc062723c751e8b465ee728b)
Start importing Assets/1.4VFX.vfx using Guid(9b607fe7eb111457481dda907f260612) Importer(815301076,1909f56bfc062723c751e8b465ee728b)  -> (artifact id: 'c54472c2c1651bf1bafc8c5c8dff0b10') in 0.005330 seconds
  Import took 0.011694 seconds .

========================================================================
Received Import Request.
  Time since last request: 11.534786 seconds.
  path: Assets/1.4VFX.vfx
  artifactKey: Guid(9b607fe7eb111457481dda907f260612) Importer(815301076,1909f56bfc062723c751e8b465ee728b)
Start importing Assets/1.4VFX.vfx using Guid(9b607fe7eb111457481dda907f260612) Importer(815301076,1909f56bfc062723c751e8b465ee728b)  -> (artifact id: 'dbaa1219785d3e469dd5f26854697f7f') in 0.003525 seconds
  Import took 0.010615 seconds .

========================================================================
Received Import Request.
  Time since last request: 0.029788 seconds.
  path: Assets/1.4VFX.vfx
  artifactKey: Guid(9b607fe7eb111457481dda907f260612) Importer(815301076,1909f56bfc062723c751e8b465ee728b)
Start importing Assets/1.4VFX.vfx using Guid(9b607fe7eb111457481dda907f260612) Importer(815301076,1909f56bfc062723c751e8b465ee728b)  -> (artifact id: 'dbaa1219785d3e469dd5f26854697f7f') in 0.002828 seconds
  Import took 0.010021 seconds .

========================================================================
Received Import Request.
  Time since last request: 11.365309 seconds.
  path: Assets/1.4VFX.vfx
  artifactKey: Guid(9b607fe7eb111457481dda907f260612) Importer(815301076,1909f56bfc062723c751e8b465ee728b)
Start importing Assets/1.4VFX.vfx using Guid(9b607fe7eb111457481dda907f260612) Importer(815301076,1909f56bfc062723c751e8b465ee728b)  -> (artifact id: '88b6846ca9d3930e5e18cb720f0e03ad') in 0.003078 seconds
  Import took 0.010635 seconds .

========================================================================
Received Import Request.
  Time since last request: 25.647147 seconds.
  path: Assets/1.4VFX.vfx
  artifactKey: Guid(9b607fe7eb111457481dda907f260612) Importer(815301076,1909f56bfc062723c751e8b465ee728b)
Start importing Assets/1.4VFX.vfx using Guid(9b607fe7eb111457481dda907f260612) Importer(815301076,1909f56bfc062723c751e8b465ee728b)  -> (artifact id: 'f86e59418969571afce3017feb88526d') in 0.003336 seconds
  Import took 0.009778 seconds .

========================================================================
Received Import Request.
  Time since last request: 0.030799 seconds.
  path: Assets/1.4VFX.vfx
  artifactKey: Guid(9b607fe7eb111457481dda907f260612) Importer(815301076,1909f56bfc062723c751e8b465ee728b)
Start importing Assets/1.4VFX.vfx using Guid(9b607fe7eb111457481dda907f260612) Importer(815301076,1909f56bfc062723c751e8b465ee728b)  -> (artifact id: 'f86e59418969571afce3017feb88526d') in 0.002779 seconds
  Import took 0.009152 seconds .

========================================================================
Received Import Request.
  Time since last request: 8.317394 seconds.
  path: Assets/1.4VFX.vfx
  artifactKey: Guid(9b607fe7eb111457481dda907f260612) Importer(815301076,1909f56bfc062723c751e8b465ee728b)
Start importing Assets/1.4VFX.vfx using Guid(9b607fe7eb111457481dda907f260612) Importer(815301076,1909f56bfc062723c751e8b465ee728b)  -> (artifact id: '7863a6c3c8eea7f6fbadd9c2333c0b6a') in 0.003403 seconds
  Import took 0.010069 seconds .

========================================================================
Received Import Request.
  Time since last request: 0.031311 seconds.
  path: Assets/1.4VFX.vfx
  artifactKey: Guid(9b607fe7eb111457481dda907f260612) Importer(815301076,1909f56bfc062723c751e8b465ee728b)
Start importing Assets/1.4VFX.vfx using Guid(9b607fe7eb111457481dda907f260612) Importer(815301076,1909f56bfc062723c751e8b465ee728b)  -> (artifact id: '7863a6c3c8eea7f6fbadd9c2333c0b6a') in 0.002927 seconds
  Import took 0.009454 seconds .

========================================================================
Received Import Request.
  Time since last request: 11.169360 seconds.
  path: Assets/1.4VFX.vfx
  artifactKey: Guid(9b607fe7eb111457481dda907f260612) Importer(815301076,1909f56bfc062723c751e8b465ee728b)
Start importing Assets/1.4VFX.vfx using Guid(9b607fe7eb111457481dda907f260612) Importer(815301076,1909f56bfc062723c751e8b465ee728b)  -> (artifact id: 'a8f622a8e9ef9da69f81e725a621c562') in 0.003254 seconds
  Import took 0.011113 seconds .

========================================================================
Received Import Request.
  Time since last request: 18.567156 seconds.
  path: Assets/1.4VFX.vfx
  artifactKey: Guid(9b607fe7eb111457481dda907f260612) Importer(815301076,1909f56bfc062723c751e8b465ee728b)
Start importing Assets/1.4VFX.vfx using Guid(9b607fe7eb111457481dda907f260612) Importer(815301076,1909f56bfc062723c751e8b465ee728b)  -> (artifact id: '4f95c96705d95b2385625006a4dab3fe') in 0.003417 seconds
  Import took 0.010561 seconds .

========================================================================
Received Import Request.
  Time since last request: 15.395863 seconds.
  path: Assets/1.4VFX.vfx
  artifactKey: Guid(9b607fe7eb111457481dda907f260612) Importer(815301076,1909f56bfc062723c751e8b465ee728b)
Start importing Assets/1.4VFX.vfx using Guid(9b607fe7eb111457481dda907f260612) Importer(815301076,1909f56bfc062723c751e8b465ee728b)  -> (artifact id: '8b6e27632e76ebc6005dd0b965069c7b') in 0.003691 seconds
  Import took 0.012318 seconds .

========================================================================
Received Import Request.
  Time since last request: 3.598134 seconds.
  path: Assets/1.4VFX.vfx
  artifactKey: Guid(9b607fe7eb111457481dda907f260612) Importer(815301076,1909f56bfc062723c751e8b465ee728b)
Start importing Assets/1.4VFX.vfx using Guid(9b607fe7eb111457481dda907f260612) Importer(815301076,1909f56bfc062723c751e8b465ee728b)  -> (artifact id: '42f68a3a4af7507a57a3bb3fc86e6331') in 0.004266 seconds
  Import took 0.010809 seconds .

========================================================================
Received Import Request.
  Time since last request: 0.049140 seconds.
  path: Assets/1.4VFX.vfx
  artifactKey: Guid(9b607fe7eb111457481dda907f260612) Importer(815301076,1909f56bfc062723c751e8b465ee728b)
Start importing Assets/1.4VFX.vfx using Guid(9b607fe7eb111457481dda907f260612) Importer(815301076,1909f56bfc062723c751e8b465ee728b)  -> (artifact id: '42f68a3a4af7507a57a3bb3fc86e6331') in 0.002886 seconds
  Import took 0.009669 seconds .

========================================================================
Received Import Request.
  Time since last request: 8.477259 seconds.
  path: Packages/com.unity.render-pipelines.high-definition/Runtime/RenderPipelineResources/Texture/DefaultHDRISky.exr
  artifactKey: Guid(8253d41e6e8b11a4cbe77a4f8f82934d) Importer(815301076,1909f56bfc062723c751e8b465ee728b)
Start importing Packages/com.unity.render-pipelines.high-definition/Runtime/RenderPipelineResources/Texture/DefaultHDRISky.exr using Guid(8253d41e6e8b11a4cbe77a4f8f82934d) Importer(815301076,1909f56bfc062723c751e8b465ee728b)  -> (artifact id: 'd30bf92f1aa2cbdf619399ba876d8b60') in 0.971738 seconds
  Import took 0.978314 seconds .

========================================================================
Received Import Request.
  Time since last request: 0.000175 seconds.
  path: Packages/com.unity.collab-proxy/Editor/Collaborate/Assets/Icons/deleted-file-dark@2x.png
  artifactKey: Guid(a7d900a247e707e45a257328c3ee381e) Importer(815301076,1909f56bfc062723c751e8b465ee728b)
Start importing Packages/com.unity.collab-proxy/Editor/Collaborate/Assets/Icons/deleted-file-dark@2x.png using Guid(a7d900a247e707e45a257328c3ee381e) Importer(815301076,1909f56bfc062723c751e8b465ee728b)  -> (artifact id: 'b4fcac9148b7eb26bccde9ed37875d3c') in 0.869396 seconds
  Import took 0.875763 seconds .

========================================================================
Received Import Request.
  Time since last request: 0.000192 seconds.
  path: Packages/com.unity.render-pipelines.high-definition/Runtime/RenderPipelineResources/Texture/Matcap/DefaultMatcap.png
  artifactKey: Guid(e655445a13b501944a2641ea144edda5) Importer(815301076,1909f56bfc062723c751e8b465ee728b)
Start importing Packages/com.unity.render-pipelines.high-definition/Runtime/RenderPipelineResources/Texture/Matcap/DefaultMatcap.png using Guid(e655445a13b501944a2641ea144edda5) Importer(815301076,1909f56bfc062723c751e8b465ee728b)  -> (artifact id: 'fc1a3eb1e7a3b957669fe03d848d41d9') in 0.006396 seconds
  Import took 0.012192 seconds .

========================================================================
Received Import Request.
  Time since last request: 0.000189 seconds.
  path: Packages/com.unity.collab-proxy/Editor/Collaborate/Assets/Icons/deleted-file-dark.png
  artifactKey: Guid(ce3ca6a541b5fbc4c80edb5195d78731) Importer(815301076,1909f56bfc062723c751e8b465ee728b)
Start importing Packages/com.unity.collab-proxy/Editor/Collaborate/Assets/Icons/deleted-file-dark.png using Guid(ce3ca6a541b5fbc4c80edb5195d78731) Importer(815301076,1909f56bfc062723c751e8b465ee728b)  -> (artifact id: 'c1d7ec94aef1443434474d37b8cbe8bb') in 0.008035 seconds
  Import took 0.014338 seconds .

========================================================================
Received Import Request.
  Time since last request: 0.000174 seconds.
  path: Packages/com.unity.collab-proxy/Editor/Collaborate/Assets/Icons/deleted-file-light@2x.png
  artifactKey: Guid(f1c735dde115d4f4c9ff5c633f07fbb8) Importer(815301076,1909f56bfc062723c751e8b465ee728b)
Start importing Packages/com.unity.collab-proxy/Editor/Collaborate/Assets/Icons/deleted-file-light@2x.png using Guid(f1c735dde115d4f4c9ff5c633f07fbb8) Importer(815301076,1909f56bfc062723c751e8b465ee728b)  -> (artifact id: '569918a21ec8981f4112f41d25137c47') in 0.006331 seconds
  Import took 0.013094 seconds .

========================================================================
Received Import Request.
  Time since last request: 0.000201 seconds.
  path: Packages/com.unity.render-pipelines.high-definition/Editor/RenderPipelineResources/Texture/DensityVolume.png
  artifactKey: Guid(16796ce96bc102d4d963f22a60a69125) Importer(815301076,1909f56bfc062723c751e8b465ee728b)
Start importing Packages/com.unity.render-pipelines.high-definition/Editor/RenderPipelineResources/Texture/DensityVolume.png using Guid(16796ce96bc102d4d963f22a60a69125) Importer(815301076,1909f56bfc062723c751e8b465ee728b)  -> (artifact id: '37a2dea515d16e5ac72f97e963885da7') in 0.008051 seconds
  Import took 0.014216 seconds .

========================================================================
Received Import Request.
  Time since last request: 0.000158 seconds.
  path: Packages/com.unity.collab-proxy/Editor/Collaborate/Assets/Icons/deleted-file-light.png
  artifactKey: Guid(bb678af880b2dd74cbd76186590c66da) Importer(815301076,1909f56bfc062723c751e8b465ee728b)
Start importing Packages/com.unity.collab-proxy/Editor/Collaborate/Assets/Icons/deleted-file-light.png using Guid(bb678af880b2dd74cbd76186590c66da) Importer(815301076,1909f56bfc062723c751e8b465ee728b)  -> (artifact id: 'ae87d4ca681182abc8fb3391412f94f9') in 0.005494 seconds
  Import took 0.011261 seconds .

========================================================================
Received Import Request.
  Time since last request: 0.000179 seconds.
  path: Packages/com.unity.render-pipelines.high-definition/Runtime/RenderPipelineResources/Material/DefaultSkybox.exr
  artifactKey: Guid(a615f6de0224d55408b4e74da3b0bac0) Importer(815301076,1909f56bfc062723c751e8b465ee728b)
Start importing Packages/com.unity.render-pipelines.high-definition/Runtime/RenderPipelineResources/Material/DefaultSkybox.exr using Guid(a615f6de0224d55408b4e74da3b0bac0) Importer(815301076,1909f56bfc062723c751e8b465ee728b)  -> (artifact id: 'f1db920976826008dc41b87c22aee21d') in 0.011515 seconds
  Import took 0.017841 seconds .

========================================================================
Received Import Request.
  Time since last request: 0.272116 seconds.
  path: Packages/com.unity.collab-proxy/Editor/Collaborate/Assets/Icons/diff-dark.png
  artifactKey: Guid(06bb2a7fb040987409dae109d185de22) Importer(815301076,1909f56bfc062723c751e8b465ee728b)
Start importing Packages/com.unity.collab-proxy/Editor/Collaborate/Assets/Icons/diff-dark.png using Guid(06bb2a7fb040987409dae109d185de22) Importer(815301076,1909f56bfc062723c751e8b465ee728b)  -> (artifact id: '36c88eebe91c3c72aefabb7335e4d629') in 0.017347 seconds
  Import took 0.023436 seconds .

========================================================================
Received Import Request.
  Time since last request: 0.000161 seconds.
  path: Packages/com.unity.collab-proxy/Editor/Collaborate/Assets/Icons/diff-dark@2x.png
  artifactKey: Guid(1875b6a8fb148514ab1d9494eae2dd9e) Importer(815301076,1909f56bfc062723c751e8b465ee728b)
Start importing Packages/com.unity.collab-proxy/Editor/Collaborate/Assets/Icons/diff-dark@2x.png using Guid(1875b6a8fb148514ab1d9494eae2dd9e) Importer(815301076,1909f56bfc062723c751e8b465ee728b)  -> (artifact id: 'c5308514105a621a86e757ea36c9a795') in 0.005501 seconds
  Import took 0.012005 seconds .

========================================================================
Received Import Request.
  Time since last request: 0.000162 seconds.
  path: Packages/com.unity.collab-proxy/Editor/Collaborate/Assets/Icons/diff-dark.png
  artifactKey: Guid(06bb2a7fb040987409dae109d185de22) Importer(815301076,1909f56bfc062723c751e8b465ee728b)
Start importing Packages/com.unity.collab-proxy/Editor/Collaborate/Assets/Icons/diff-dark.png using Guid(06bb2a7fb040987409dae109d185de22) Importer(815301076,1909f56bfc062723c751e8b465ee728b)  -> (artifact id: '36c88eebe91c3c72aefabb7335e4d629') in 0.004089 seconds
  Import took 0.010006 seconds .

========================================================================
Received Import Request.
  Time since last request: 0.432235 seconds.
  path: Packages/com.unity.collab-proxy/Editor/Collaborate/Assets/Icons/diff-light.png
  artifactKey: Guid(f4d24f788ff8ef0448d273529dc5d9a0) Importer(815301076,1909f56bfc062723c751e8b465ee728b)
Start importing Packages/com.unity.collab-proxy/Editor/Collaborate/Assets/Icons/diff-light.png using Guid(f4d24f788ff8ef0448d273529dc5d9a0) Importer(815301076,1909f56bfc062723c751e8b465ee728b)  -> (artifact id: 'c22fab31c7305feb166d8bf1ccbd195d') in 0.007534 seconds
  Import took 0.014436 seconds .

========================================================================
Received Import Request.
  Time since last request: 0.000153 seconds.
  path: Packages/com.unity.collab-proxy/Editor/Collaborate/Assets/Icons/diff-light@2x.png
  artifactKey: Guid(56f45ee382e8dc847bd536ba8de7300b) Importer(815301076,1909f56bfc062723c751e8b465ee728b)
Start importing Packages/com.unity.collab-proxy/Editor/Collaborate/Assets/Icons/diff-light@2x.png using Guid(56f45ee382e8dc847bd536ba8de7300b) Importer(815301076,1909f56bfc062723c751e8b465ee728b)  -> (artifact id: 'd68fb1c70ab7f4745c2b14a6c197701a') in 0.005215 seconds
  Import took 0.011431 seconds .

========================================================================
Received Import Request.
  Time since last request: 0.000139 seconds.
  path: Packages/com.unity.collab-proxy/Editor/Collaborate/Assets/Icons/diff-light.png
  artifactKey: Guid(f4d24f788ff8ef0448d273529dc5d9a0) Importer(815301076,1909f56bfc062723c751e8b465ee728b)
Start importing Packages/com.unity.collab-proxy/Editor/Collaborate/Assets/Icons/diff-light.png using Guid(f4d24f788ff8ef0448d273529dc5d9a0) Importer(815301076,1909f56bfc062723c751e8b465ee728b)  -> (artifact id: 'c22fab31c7305feb166d8bf1ccbd195d') in 0.004127 seconds
  Import took 0.010465 seconds .

========================================================================
Received Import Request.
  Time since last request: 0.001904 seconds.
  path: Packages/com.unity.collab-proxy/Editor/Collaborate/Assets/Icons/diff-light@2x.png
  artifactKey: Guid(56f45ee382e8dc847bd536ba8de7300b) Importer(815301076,1909f56bfc062723c751e8b465ee728b)
Start importing Packages/com.unity.collab-proxy/Editor/Collaborate/Assets/Icons/diff-light@2x.png using Guid(56f45ee382e8dc847bd536ba8de7300b) Importer(815301076,1909f56bfc062723c751e8b465ee728b)  -> (artifact id: 'd68fb1c70ab7f4745c2b14a6c197701a') in 0.004210 seconds
  Import took 0.010676 seconds .

========================================================================
Received Import Request.
  Time since last request: 0.131511 seconds.
  path: Packages/com.unity.render-pipelines.high-definition/Editor/RenderPipelineResources/Texture/DiffusionProfileSettingsAsset.png
  artifactKey: Guid(87c4629bc47a322429681210f0a229d4) Importer(815301076,1909f56bfc062723c751e8b465ee728b)
Start importing Packages/com.unity.render-pipelines.high-definition/Editor/RenderPipelineResources/Texture/DiffusionProfileSettingsAsset.png using Guid(87c4629bc47a322429681210f0a229d4) Importer(815301076,1909f56bfc062723c751e8b465ee728b)  -> (artifact id: '89e09ab28b087eee4418500e102aca9e') in 0.012078 seconds
  Import took 0.019148 seconds .

========================================================================
Received Import Request.
  Time since last request: 0.000153 seconds.
  path: Packages/com.unity.render-pipelines.high-definition/Editor/RenderPipelineResources/Texture/LightUnitIcons/DirectSunlight.png
  artifactKey: Guid(863ef838c25e51b4790fd6ac881ba895) Importer(815301076,1909f56bfc062723c751e8b465ee728b)
Start importing Packages/com.unity.render-pipelines.high-definition/Editor/RenderPipelineResources/Texture/LightUnitIcons/DirectSunlight.png using Guid(863ef838c25e51b4790fd6ac881ba895) Importer(815301076,1909f56bfc062723c751e8b465ee728b)  -> (artifact id: '692bcd6f915f7b9c3529d06c60e0ff8a') in 0.006325 seconds
  Import took 0.012666 seconds .

========================================================================
Received Import Request.
  Time since last request: 0.000232 seconds.
  path: Packages/com.unity.render-pipelines.high-definition/Editor/RenderPipelineResources/Texture/DiffusionProfileSettingsAsset.png
  artifactKey: Guid(87c4629bc47a322429681210f0a229d4) Importer(815301076,1909f56bfc062723c751e8b465ee728b)
Start importing Packages/com.unity.render-pipelines.high-definition/Editor/RenderPipelineResources/Texture/DiffusionProfileSettingsAsset.png using Guid(87c4629bc47a322429681210f0a229d4) Importer(815301076,1909f56bfc062723c751e8b465ee728b)  -> (artifact id: '89e09ab28b087eee4418500e102aca9e') in 0.005528 seconds
  Import took 0.011842 seconds .

========================================================================
Received Import Request.
  Time since last request: 0.001544 seconds.
  path: Packages/com.unity.render-pipelines.high-definition/Editor/RenderPipelineResources/Texture/LightUnitIcons/DirectSunlight.png
  artifactKey: Guid(863ef838c25e51b4790fd6ac881ba895) Importer(815301076,1909f56bfc062723c751e8b465ee728b)
Start importing Packages/com.unity.render-pipelines.high-definition/Editor/RenderPipelineResources/Texture/LightUnitIcons/DirectSunlight.png using Guid(863ef838c25e51b4790fd6ac881ba895) Importer(815301076,1909f56bfc062723c751e8b465ee728b)  -> (artifact id: '692bcd6f915f7b9c3529d06c60e0ff8a') in 0.004752 seconds
  Import took 0.011898 seconds .

========================================================================
Received Import Request.
  Time since last request: 1.363566 seconds.
  path: Packages/com.unity.render-pipelines.high-definition/Editor/RenderPipelineResources/Texture/LightUnitIcons/DirectSunlight@2x.png
  artifactKey: Guid(03ea000956f47584c872d8b4df47f5ee) Importer(815301076,1909f56bfc062723c751e8b465ee728b)
Start importing Packages/com.unity.render-pipelines.high-definition/Editor/RenderPipelineResources/Texture/LightUnitIcons/DirectSunlight@2x.png using Guid(03ea000956f47584c872d8b4df47f5ee) Importer(815301076,1909f56bfc062723c751e8b465ee728b)  -> (artifact id: '49df0e3dcb48da3b78e72572282f0eb5') in 0.006752 seconds
  Import took 0.013667 seconds .

========================================================================
Received Import Request.
  Time since last request: 0.000158 seconds.
  path: Packages/com.unity.render-pipelines.core/Editor/LookDev/Icons/Duplicate.png
  artifactKey: Guid(352dd7fc77ee28c479bf6504efe94f16) Importer(815301076,1909f56bfc062723c751e8b465ee728b)
Start importing Packages/com.unity.render-pipelines.core/Editor/LookDev/Icons/Duplicate.png using Guid(352dd7fc77ee28c479bf6504efe94f16) Importer(815301076,1909f56bfc062723c751e8b465ee728b)  -> (artifact id: '23e02d366459f2cfe167bc3e494903c1') in 0.027894 seconds
  Import took 0.034148 seconds .

========================================================================
Received Import Request.
  Time since last request: 0.000227 seconds.
  path: Packages/com.unity.render-pipelines.high-definition/Editor/RenderPipelineResources/Texture/LightUnitIcons/DirectSunlight@2x.png
  artifactKey: Guid(03ea000956f47584c872d8b4df47f5ee) Importer(815301076,1909f56bfc062723c751e8b465ee728b)
Start importing Packages/com.unity.render-pipelines.high-definition/Editor/RenderPipelineResources/Texture/LightUnitIcons/DirectSunlight@2x.png using Guid(03ea000956f47584c872d8b4df47f5ee) Importer(815301076,1909f56bfc062723c751e8b465ee728b)  -> (artifact id: '49df0e3dcb48da3b78e72572282f0eb5') in 0.004070 seconds
  Import took 0.011139 seconds .

========================================================================
Received Import Request.
  Time since last request: 0.000180 seconds.
  path: Packages/com.unity.render-pipelines.core/Editor/LookDev/Icons/Duplicate.png
  artifactKey: Guid(352dd7fc77ee28c479bf6504efe94f16) Importer(815301076,1909f56bfc062723c751e8b465ee728b)
Start importing Packages/com.unity.render-pipelines.core/Editor/LookDev/Icons/Duplicate.png using Guid(352dd7fc77ee28c479bf6504efe94f16) Importer(815301076,1909f56bfc062723c751e8b465ee728b)  -> (artifact id: '23e02d366459f2cfe167bc3e494903c1') in 0.006250 seconds
  Import took 0.013411 seconds .

========================================================================
Received Import Request.
  Time since last request: 0.262136 seconds.
  path: Packages/com.unity.render-pipelines.core/Editor/LookDev/Icons/Duplicate@2x.png
  artifactKey: Guid(91ffd37b0545bf6448f8d937736130a1) Importer(815301076,1909f56bfc062723c751e8b465ee728b)
Start importing Packages/com.unity.render-pipelines.core/Editor/LookDev/Icons/Duplicate@2x.png using Guid(91ffd37b0545bf6448f8d937736130a1) Importer(815301076,1909f56bfc062723c751e8b465ee728b)  -> (artifact id: '38621ff129fa00426c9fd5c8ae7296b4') in 0.009286 seconds
  Import took 0.016114 seconds .

========================================================================
Received Import Request.
  Time since last request: 0.000157 seconds.
  path: Packages/com.unity.collab-proxy/Editor/Collaborate/Assets/Icons/edited-file-dark.png
  artifactKey: Guid(bcc2167ce63c6264b9c1295e97bec6bc) Importer(815301076,1909f56bfc062723c751e8b465ee728b)
Start importing Packages/com.unity.collab-proxy/Editor/Collaborate/Assets/Icons/edited-file-dark.png using Guid(bcc2167ce63c6264b9c1295e97bec6bc) Importer(815301076,1909f56bfc062723c751e8b465ee728b)  -> (artifact id: '6ae0ae6204a9c2fab0c17f0bd87cca54') in 0.005030 seconds
  Import took 0.011506 seconds .

========================================================================
Received Import Request.
  Time since last request: 0.459941 seconds.
  path: Packages/com.unity.collab-proxy/Editor/Collaborate/Assets/Icons/edited-file-dark@2x.png
  artifactKey: Guid(cdf2b54d520524c418aed1dc00eec185) Importer(815301076,1909f56bfc062723c751e8b465ee728b)
Start importing Packages/com.unity.collab-proxy/Editor/Collaborate/Assets/Icons/edited-file-dark@2x.png using Guid(cdf2b54d520524c418aed1dc00eec185) Importer(815301076,1909f56bfc062723c751e8b465ee728b)  -> (artifact id: 'b926b6ad4edbd199e13b31135d027acf') in 0.006599 seconds
  Import took 0.013480 seconds .

========================================================================
Received Import Request.
  Time since last request: 0.000156 seconds.
  path: Packages/com.unity.collab-proxy/Editor/Collaborate/Assets/Icons/edited-file-light.png
  artifactKey: Guid(33c1613cec3e57243baaa6b3dba6fec5) Importer(815301076,1909f56bfc062723c751e8b465ee728b)
Start importing Packages/com.unity.collab-proxy/Editor/Collaborate/Assets/Icons/edited-file-light.png using Guid(33c1613cec3e57243baaa6b3dba6fec5) Importer(815301076,1909f56bfc062723c751e8b465ee728b)  -> (artifact id: '76648eaa236d6abb4c291477b67ebadd') in 0.005073 seconds
  Import took 0.012457 seconds .

========================================================================
Received Import Request.
  Time since last request: 0.000160 seconds.
  path: Packages/com.unity.collab-proxy/Editor/Collaborate/Assets/Icons/edited-file-dark@2x.png
  artifactKey: Guid(cdf2b54d520524c418aed1dc00eec185) Importer(815301076,1909f56bfc062723c751e8b465ee728b)
Start importing Packages/com.unity.collab-proxy/Editor/Collaborate/Assets/Icons/edited-file-dark@2x.png using Guid(cdf2b54d520524c418aed1dc00eec185) Importer(815301076,1909f56bfc062723c751e8b465ee728b)  -> (artifact id: 'b926b6ad4edbd199e13b31135d027acf') in 0.004026 seconds
  Import took 0.011463 seconds .

========================================================================
Received Import Request.
  Time since last request: 0.001097 seconds.
  path: Packages/com.unity.collab-proxy/Editor/Collaborate/Assets/Icons/edited-file-light.png
  artifactKey: Guid(33c1613cec3e57243baaa6b3dba6fec5) Importer(815301076,1909f56bfc062723c751e8b465ee728b)
Start importing Packages/com.unity.collab-proxy/Editor/Collaborate/Assets/Icons/edited-file-light.png using Guid(33c1613cec3e57243baaa6b3dba6fec5) Importer(815301076,1909f56bfc062723c751e8b465ee728b)  -> (artifact id: '76648eaa236d6abb4c291477b67ebadd') in 0.004826 seconds
  Import took 0.011943 seconds .

========================================================================
Received Import Request.
  Time since last request: 0.141997 seconds.
  path: Packages/com.unity.collab-proxy/Editor/Collaborate/Assets/Icons/edited-file-light@2x.png
  artifactKey: Guid(c5b20b1351db04e44b3baeba4679c8d7) Importer(815301076,1909f56bfc062723c751e8b465ee728b)
Start importing Packages/com.unity.collab-proxy/Editor/Collaborate/Assets/Icons/edited-file-light@2x.png using Guid(c5b20b1351db04e44b3baeba4679c8d7) Importer(815301076,1909f56bfc062723c751e8b465ee728b)  -> (artifact id: '3e6128e054d4093b18c847b8c719d65e') in 0.007728 seconds
  Import took 0.016053 seconds .

========================================================================
Received Import Request.
  Time since last request: 0.000159 seconds.
  path: Packages/com.unity.visualeffectgraph/Editor Default Resources/VFX/EditStolen.png
  artifactKey: Guid(3aadaa8d8c0ae984c9dd23e939a8b7d5) Importer(815301076,1909f56bfc062723c751e8b465ee728b)
Start importing Packages/com.unity.visualeffectgraph/Editor Default Resources/VFX/EditStolen.png using Guid(3aadaa8d8c0ae984c9dd23e939a8b7d5) Importer(815301076,1909f56bfc062723c751e8b465ee728b)  -> (artifact id: '36712c8c2c5b14bfd70407df5093761e') in 0.007986 seconds
  Import took 0.015479 seconds .

========================================================================
Received Import Request.
  Time since last request: 0.000163 seconds.
  path: Packages/com.unity.collab-proxy/Editor/Collaborate/Assets/Icons/edited-file-light@2x.png
  artifactKey: Guid(c5b20b1351db04e44b3baeba4679c8d7) Importer(815301076,1909f56bfc062723c751e8b465ee728b)
Start importing Packages/com.unity.collab-proxy/Editor/Collaborate/Assets/Icons/edited-file-light@2x.png using Guid(c5b20b1351db04e44b3baeba4679c8d7) Importer(815301076,1909f56bfc062723c751e8b465ee728b)  -> (artifact id: '3e6128e054d4093b18c847b8c719d65e') in 0.005956 seconds
  Import took 0.012421 seconds .

========================================================================
Received Import Request.
  Time since last request: 0.000162 seconds.
  path: Packages/com.unity.visualeffectgraph/Editor Default Resources/VFX/EditStolen.png
  artifactKey: Guid(3aadaa8d8c0ae984c9dd23e939a8b7d5) Importer(815301076,1909f56bfc062723c751e8b465ee728b)
Start importing Packages/com.unity.visualeffectgraph/Editor Default Resources/VFX/EditStolen.png using Guid(3aadaa8d8c0ae984c9dd23e939a8b7d5) Importer(815301076,1909f56bfc062723c751e8b465ee728b)  -> (artifact id: '36712c8c2c5b14bfd70407df5093761e') in 0.004734 seconds
  Import took 0.011555 seconds .

========================================================================
Received Import Request.
  Time since last request: 0.358790 seconds.
  path: Packages/com.unity.render-pipelines.core/Editor/LookDev/Icons/Environment.png
  artifactKey: Guid(8accc003516bedf4b94c9c8a86b2b6a1) Importer(815301076,1909f56bfc062723c751e8b465ee728b)
Start importing Packages/com.unity.render-pipelines.core/Editor/LookDev/Icons/Environment.png using Guid(8accc003516bedf4b94c9c8a86b2b6a1) Importer(815301076,1909f56bfc062723c751e8b465ee728b)  -> (artifact id: '16e6b9d06f969a013236413767924612') in 0.008313 seconds
  Import took 0.016060 seconds .

========================================================================
Received Import Request.
  Time since last request: 0.000165 seconds.
  path: Packages/com.unity.render-pipelines.core/Editor/LookDev/Icons/Environment@2x.png
  artifactKey: Guid(515b65dc95319f3409d6b0b5f866ac33) Importer(815301076,1909f56bfc062723c751e8b465ee728b)
Start importing Packages/com.unity.render-pipelines.core/Editor/LookDev/Icons/Environment@2x.png using Guid(515b65dc95319f3409d6b0b5f866ac33) Importer(815301076,1909f56bfc062723c751e8b465ee728b)  -> (artifact id: '8c54dc13637c52b9c0d3a54a834a8a49') in 0.009722 seconds
  Import took 0.016644 seconds .

========================================================================
Received Import Request.
  Time since last request: 0.000156 seconds.
  path: Packages/com.unity.render-pipelines.core/Editor/LookDev/Icons/Environment.png
  artifactKey: Guid(8accc003516bedf4b94c9c8a86b2b6a1) Importer(815301076,1909f56bfc062723c751e8b465ee728b)
Start importing Packages/com.unity.render-pipelines.core/Editor/LookDev/Icons/Environment.png using Guid(8accc003516bedf4b94c9c8a86b2b6a1) Importer(815301076,1909f56bfc062723c751e8b465ee728b)  -> (artifact id: '16e6b9d06f969a013236413767924612') in 0.007064 seconds
  Import took 0.014481 seconds .

========================================================================
Received Import Request.
  Time since last request: 0.000217 seconds.
  path: Packages/com.unity.render-pipelines.core/Editor/LookDev/Icons/Environment@2x.png
  artifactKey: Guid(515b65dc95319f3409d6b0b5f866ac33) Importer(815301076,1909f56bfc062723c751e8b465ee728b)
Start importing Packages/com.unity.render-pipelines.core/Editor/LookDev/Icons/Environment@2x.png using Guid(515b65dc95319f3409d6b0b5f866ac33) Importer(815301076,1909f56bfc062723c751e8b465ee728b)  -> (artifact id: '8c54dc13637c52b9c0d3a54a834a8a49') in 0.008856 seconds
  Import took 0.015924 seconds .

========================================================================
Received Import Request.
  Time since last request: 0.107930 seconds.
  path: Packages/com.unity.render-pipelines.high-definition/Editor/Wizard/WizardResources/Error.png
  artifactKey: Guid(b9ba8ba73504d5344a9b8a1c64107c86) Importer(815301076,1909f56bfc062723c751e8b465ee728b)
Start importing Packages/com.unity.render-pipelines.high-definition/Editor/Wizard/WizardResources/Error.png using Guid(b9ba8ba73504d5344a9b8a1c64107c86) Importer(815301076,1909f56bfc062723c751e8b465ee728b)  -> (artifact id: '97ff56d9730039b08a8625116eaafb8f') in 0.013389 seconds
  Import took 0.020938 seconds .

========================================================================
Received Import Request.
  Time since last request: 0.000248 seconds.
  path: Packages/com.unity.visualeffectgraph/Editor Default Resources/VFX/Execution.png
  artifactKey: Guid(746e7bd2948ee424aa581a91b823b535) Importer(815301076,1909f56bfc062723c751e8b465ee728b)
Start importing Packages/com.unity.visualeffectgraph/Editor Default Resources/VFX/Execution.png using Guid(746e7bd2948ee424aa581a91b823b535) Importer(815301076,1909f56bfc062723c751e8b465ee728b)  -> (artifact id: 'deed37e03526a717735707647ea11463') in 0.004495 seconds
  Import took 0.011058 seconds .

========================================================================
Received Import Request.
  Time since last request: 0.449255 seconds.
  path: Packages/com.unity.visualeffectgraph/Editor Default Resources/VFX/exposed dot.png
  artifactKey: Guid(53f2a7e5f246da14c87a9fd92ecb804c) Importer(815301076,1909f56bfc062723c751e8b465ee728b)
Start importing Packages/com.unity.visualeffectgraph/Editor Default Resources/VFX/exposed dot.png using Guid(53f2a7e5f246da14c87a9fd92ecb804c) Importer(815301076,1909f56bfc062723c751e8b465ee728b)  -> (artifact id: 'ec26627f29c12a4637c283ba12af241f') in 0.007596 seconds
  Import took 0.015028 seconds .

========================================================================
Received Import Request.
  Time since last request: 0.000154 seconds.
  path: Packages/com.unity.render-pipelines.high-definition/Editor/RenderPipelineResources/Texture/LightUnitIcons/ExteriorLight.png
  artifactKey: Guid(baa2eadff75899140ac64277e3f60453) Importer(815301076,1909f56bfc062723c751e8b465ee728b)
Start importing Packages/com.unity.render-pipelines.high-definition/Editor/RenderPipelineResources/Texture/LightUnitIcons/ExteriorLight.png using Guid(baa2eadff75899140ac64277e3f60453) Importer(815301076,1909f56bfc062723c751e8b465ee728b)  -> (artifact id: 'eba87b0a2865590f5082a9b670ad5dc3') in 0.006886 seconds
  Import took 0.013436 seconds .

========================================================================
Received Import Request.
  Time since last request: 0.065385 seconds.
  path: Packages/com.unity.render-pipelines.high-definition/Editor/RenderPipelineResources/Texture/LightUnitIcons/ExteriorLight@2x.png
  artifactKey: Guid(a3fe770bc25a98540958d57e10f2a5fd) Importer(815301076,1909f56bfc062723c751e8b465ee728b)
Start importing Packages/com.unity.render-pipelines.high-definition/Editor/RenderPipelineResources/Texture/LightUnitIcons/ExteriorLight@2x.png using Guid(a3fe770bc25a98540958d57e10f2a5fd) Importer(815301076,1909f56bfc062723c751e8b465ee728b)  -> (artifact id: 'b786334e147e35d1b06470aacc1cbe4d') in 0.006193 seconds
  Import took 0.013082 seconds .

========================================================================
Received Import Request.
  Time since last request: 0.000208 seconds.
  path: Packages/com.unity.render-pipelines.high-definition/Editor/RenderPipelineResources/Texture/LightUnitIcons/Fluorescent.png
  artifactKey: Guid(52dd14d6fa6ca2d46b942c8289a898eb) Importer(815301076,1909f56bfc062723c751e8b465ee728b)
Start importing Packages/com.unity.render-pipelines.high-definition/Editor/RenderPipelineResources/Texture/LightUnitIcons/Fluorescent.png using Guid(52dd14d6fa6ca2d46b942c8289a898eb) Importer(815301076,1909f56bfc062723c751e8b465ee728b)  -> (artifact id: 'ff4a03e999c0f286e8febdcd0df0531d') in 0.005150 seconds
  Import took 0.012410 seconds .

========================================================================
Received Import Request.
  Time since last request: 0.245452 seconds.
  path: Packages/com.unity.render-pipelines.high-definition/Editor/RenderPipelineResources/Texture/LightUnitIcons/Fluorescent@2x.png
  artifactKey: Guid(81321ffad3c324c42806d47efb84d4d1) Importer(815301076,1909f56bfc062723c751e8b465ee728b)
Start importing Packages/com.unity.render-pipelines.high-definition/Editor/RenderPipelineResources/Texture/LightUnitIcons/Fluorescent@2x.png using Guid(81321ffad3c324c42806d47efb84d4d1) Importer(815301076,1909f56bfc062723c751e8b465ee728b)  -> (artifact id: '0b96b227cb893622e55ea2148cc04caa') in 0.006211 seconds
  Import took 0.013448 seconds .

========================================================================
Received Import Request.
  Time since last request: 0.000233 seconds.
  path: Packages/com.unity.searcher/Editor/Resources/FlatSkin/Font/Roboto-Bold.ttf
  artifactKey: Guid(3750c318f40cab44a97d3a81beaefeb3) Importer(815301076,1909f56bfc062723c751e8b465ee728b)
Start importing Packages/com.unity.searcher/Editor/Resources/FlatSkin/Font/Roboto-Bold.ttf using Guid(3750c318f40cab44a97d3a81beaefeb3) Importer(815301076,1909f56bfc062723c751e8b465ee728b)  -> (artifact id: '757f16e5e44570278d559597dc427363') in 2.981919 seconds
  Import took 2.990041 seconds .

========================================================================
Received Import Request.
  Time since last request: 0.000199 seconds.
  path: Packages/com.unity.searcher/Editor/Resources/FlatSkin/Font/Roboto-Light.ttf
  artifactKey: Guid(2a29e27936eb547458f646f71125b264) Importer(815301076,1909f56bfc062723c751e8b465ee728b)
Start importing Packages/com.unity.searcher/Editor/Resources/FlatSkin/Font/Roboto-Light.ttf using Guid(2a29e27936eb547458f646f71125b264) Importer(815301076,1909f56bfc062723c751e8b465ee728b)  -> (artifact id: '98ebce5de04fde9fdc853718fdb453f4') in 0.033329 seconds
  Import took 0.039480 seconds .

========================================================================
Received Import Request.
  Time since last request: 0.000192 seconds.
  path: Packages/com.unity.searcher/Editor/Resources/FlatSkin/Font/Roboto-Thin.ttf
  artifactKey: Guid(19a9abb883540be48b75b951a927ae03) Importer(815301076,1909f56bfc062723c751e8b465ee728b)
Start importing Packages/com.unity.searcher/Editor/Resources/FlatSkin/Font/Roboto-Thin.ttf using Guid(19a9abb883540be48b75b951a927ae03) Importer(815301076,1909f56bfc062723c751e8b465ee728b)  -> (artifact id: '1de335e8d765137a7347d9150acfac62') in 0.034063 seconds
  Import took 0.040203 seconds .

========================================================================
Received Import Request.
  Time since last request: 0.000163 seconds.
  path: Packages/com.unity.searcher/Editor/Resources/FlatSkin/Font/Roboto-Italic.ttf
  artifactKey: Guid(c839255fc8f6b4b4d90bf8c1af9f9bd1) Importer(815301076,1909f56bfc062723c751e8b465ee728b)
Start importing Packages/com.unity.searcher/Editor/Resources/FlatSkin/Font/Roboto-Italic.ttf using Guid(c839255fc8f6b4b4d90bf8c1af9f9bd1) Importer(815301076,1909f56bfc062723c751e8b465ee728b)  -> (artifact id: '66e8c9eda5f548729a72b80c0e295d00') in 0.029850 seconds
  Import took 0.036549 seconds .

========================================================================
Received Import Request.
  Time since last request: 0.000166 seconds.
  path: Packages/com.unity.searcher/Editor/Resources/FlatSkin/Font/Roboto-ThinItalic.ttf
  artifactKey: Guid(b2ea3b3f1765e544b9eb5bd1a93a91ce) Importer(815301076,1909f56bfc062723c751e8b465ee728b)
Start importing Packages/com.unity.searcher/Editor/Resources/FlatSkin/Font/Roboto-ThinItalic.ttf using Guid(b2ea3b3f1765e544b9eb5bd1a93a91ce) Importer(815301076,1909f56bfc062723c751e8b465ee728b)  -> (artifact id: '860a29e6cf6e6d9aa0ee2f232f12a5d5') in 0.028302 seconds
  Import took 0.034632 seconds .

========================================================================
Received Import Request.
  Time since last request: 0.000211 seconds.
  path: Packages/com.unity.searcher/Editor/Resources/FlatSkin/Font/Roboto-Black.ttf
  artifactKey: Guid(1062c701058745940ae5dca6219c64c8) Importer(815301076,1909f56bfc062723c751e8b465ee728b)
Start importing Packages/com.unity.searcher/Editor/Resources/FlatSkin/Font/Roboto-Black.ttf using Guid(1062c701058745940ae5dca6219c64c8) Importer(815301076,1909f56bfc062723c751e8b465ee728b)  -> (artifact id: '3eb16bacf6bab3984b53bfe1beafdf9f') in 0.028007 seconds
  Import took 0.036194 seconds .

========================================================================
Received Import Request.
  Time since last request: 0.000181 seconds.
  path: Packages/com.unity.render-pipelines.core/Runtime/Debugging/Prefabs/Fonts/Perfect DOS VGA 437.ttf
  artifactKey: Guid(74a5091d8707f334b9a5c31ef71a64ba) Importer(815301076,1909f56bfc062723c751e8b465ee728b)
Start importing Packages/com.unity.render-pipelines.core/Runtime/Debugging/Prefabs/Fonts/Perfect DOS VGA 437.ttf using Guid(74a5091d8707f334b9a5c31ef71a64ba) Importer(815301076,1909f56bfc062723c751e8b465ee728b)  -> (artifact id: '16f85383573af6e2587d5ff96127dd50') in 0.028397 seconds
  Import took 0.035383 seconds .

========================================================================
Received Import Request.
  Time since last request: 0.000175 seconds.
  path: Packages/com.unity.searcher/Editor/Resources/FlatSkin/Font/Roboto-BoldItalic.ttf
  artifactKey: Guid(dfb97a9307a577a41bcacba34b9a7e32) Importer(815301076,1909f56bfc062723c751e8b465ee728b)
Start importing Packages/com.unity.searcher/Editor/Resources/FlatSkin/Font/Roboto-BoldItalic.ttf using Guid(dfb97a9307a577a41bcacba34b9a7e32) Importer(815301076,1909f56bfc062723c751e8b465ee728b)  -> (artifact id: '9079bb8e12b3b7ab5f1100124ab9fdca') in 0.026280 seconds
  Import took 0.033221 seconds .

========================================================================
Received Import Request.
  Time since last request: 0.000173 seconds.
  path: Packages/com.unity.searcher/Editor/Resources/FlatSkin/Font/Roboto-LightItalic.ttf
  artifactKey: Guid(5e63515167650a541b309ba3bfd4db3d) Importer(815301076,1909f56bfc062723c751e8b465ee728b)
Start importing Packages/com.unity.searcher/Editor/Resources/FlatSkin/Font/Roboto-LightItalic.ttf using Guid(5e63515167650a541b309ba3bfd4db3d) Importer(815301076,1909f56bfc062723c751e8b465ee728b)  -> (artifact id: '7e81936ad606acf1ca7d679f67241fc8') in 0.030531 seconds
  Import took 0.036796 seconds .

========================================================================
Received Import Request.
  Time since last request: 276.083298 seconds.
  path: Assets/1.4VFX.vfx
  artifactKey: Guid(9b607fe7eb111457481dda907f260612) Importer(815301076,1909f56bfc062723c751e8b465ee728b)
Start importing Assets/1.4VFX.vfx using Guid(9b607fe7eb111457481dda907f260612) Importer(815301076,1909f56bfc062723c751e8b465ee728b)  -> (artifact id: '0ecd54ab08e7cec16fffb68a47816d7d') in 0.005152 seconds
  Import took 0.012921 seconds .

========================================================================
Received Import Request.
  Time since last request: 0.002773 seconds.
  path: Assets/1.4VFX.vfx
  artifactKey: Guid(9b607fe7eb111457481dda907f260612) Importer(815301076,1909f56bfc062723c751e8b465ee728b)
Start importing Assets/1.4VFX.vfx using Guid(9b607fe7eb111457481dda907f260612) Importer(815301076,1909f56bfc062723c751e8b465ee728b)  -> (artifact id: '0ecd54ab08e7cec16fffb68a47816d7d') in 0.004645 seconds
  Import took 0.011674 seconds .

========================================================================
Received Import Request.
  Time since last request: 27.648748 seconds.
  path: Assets/1.4VFX.vfx
  artifactKey: Guid(9b607fe7eb111457481dda907f260612) Importer(815301076,1909f56bfc062723c751e8b465ee728b)
Start importing Assets/1.4VFX.vfx using Guid(9b607fe7eb111457481dda907f260612) Importer(815301076,1909f56bfc062723c751e8b465ee728b)  -> (artifact id: '4d352b7ee77ec3767aedc633a710ab12') in 0.006847 seconds
  Import took 0.014129 seconds .

========================================================================
Received Import Request.
  Time since last request: 0.040440 seconds.
  path: Assets/1.4VFX.vfx
  artifactKey: Guid(9b607fe7eb111457481dda907f260612) Importer(815301076,1909f56bfc062723c751e8b465ee728b)
Start importing Assets/1.4VFX.vfx using Guid(9b607fe7eb111457481dda907f260612) Importer(815301076,1909f56bfc062723c751e8b465ee728b)  -> (artifact id: '4d352b7ee77ec3767aedc633a710ab12') in 0.006116 seconds
  Import took 0.012741 seconds .

========================================================================
Received Import Request.
  Time since last request: 31.138039 seconds.
  path: Assets/1.4VFX.vfx
  artifactKey: Guid(9b607fe7eb111457481dda907f260612) Importer(815301076,1909f56bfc062723c751e8b465ee728b)
Start importing Assets/1.4VFX.vfx using Guid(9b607fe7eb111457481dda907f260612) Importer(815301076,1909f56bfc062723c751e8b465ee728b)  -> (artifact id: '707b55573a31685d14b4ee1bd85263d9') in 0.006965 seconds
  Import took 0.014495 seconds .

========================================================================
Received Import Request.
  Time since last request: 0.022809 seconds.
  path: Assets/1.4VFX.vfx
  artifactKey: Guid(9b607fe7eb111457481dda907f260612) Importer(815301076,1909f56bfc062723c751e8b465ee728b)
Start importing Assets/1.4VFX.vfx using Guid(9b607fe7eb111457481dda907f260612) Importer(815301076,1909f56bfc062723c751e8b465ee728b)  -> (artifact id: '707b55573a31685d14b4ee1bd85263d9') in 0.004832 seconds
  Import took 0.011369 seconds .

========================================================================
Received Import Request.
  Time since last request: 18.107948 seconds.
  path: Assets/1.4VFX.vfx
  artifactKey: Guid(9b607fe7eb111457481dda907f260612) Importer(815301076,1909f56bfc062723c751e8b465ee728b)
Start importing Assets/1.4VFX.vfx using Guid(9b607fe7eb111457481dda907f260612) Importer(815301076,1909f56bfc062723c751e8b465ee728b)  -> (artifact id: '62a9f16686732fbcbc5715bffe4ff906') in 0.005170 seconds
  Import took 0.012372 seconds .

========================================================================
Received Import Request.
  Time since last request: 0.031772 seconds.
  path: Assets/1.4VFX.vfx
  artifactKey: Guid(9b607fe7eb111457481dda907f260612) Importer(815301076,1909f56bfc062723c751e8b465ee728b)
Start importing Assets/1.4VFX.vfx using Guid(9b607fe7eb111457481dda907f260612) Importer(815301076,1909f56bfc062723c751e8b465ee728b)  -> (artifact id: '62a9f16686732fbcbc5715bffe4ff906') in 0.004577 seconds
  Import took 0.011128 seconds .

========================================================================
Received Import Request.
  Time since last request: 11.803525 seconds.
  path: Assets/1.4VFX.vfx
  artifactKey: Guid(9b607fe7eb111457481dda907f260612) Importer(815301076,1909f56bfc062723c751e8b465ee728b)
Start importing Assets/1.4VFX.vfx using Guid(9b607fe7eb111457481dda907f260612) Importer(815301076,1909f56bfc062723c751e8b465ee728b)  -> (artifact id: 'bb6505136da4737cb814198ea28f4cb4') in 0.005224 seconds
  Import took 0.012214 seconds .

========================================================================
Received Import Request.
  Time since last request: 0.031056 seconds.
  path: Assets/1.4VFX.vfx
  artifactKey: Guid(9b607fe7eb111457481dda907f260612) Importer(815301076,1909f56bfc062723c751e8b465ee728b)
Start importing Assets/1.4VFX.vfx using Guid(9b607fe7eb111457481dda907f260612) Importer(815301076,1909f56bfc062723c751e8b465ee728b)  -> (artifact id: 'bb6505136da4737cb814198ea28f4cb4') in 0.004447 seconds
  Import took 0.010737 seconds .

========================================================================
Received Prepare
Registering precompiled user dll's ...
Registered in 0.008929 seconds.
Begin MonoManager ReloadAssembly
Native extension for OSXStandalone target not found
Native extension for WebGL target not found
Refreshing native plugins compatible for Editor in 0.89 ms, found 2 plugins.
Preloading 0 native plugins for Editor in 0.00 ms.
Mono: successfully reloaded assembly
- Completed reload, in  1.660 seconds
Platform modules already initialized, skipping
Shader 'Universal Render Pipeline/Particles/Lit': fallback shader 'Universal Render Pipeline/Particles/SimpleLit' not found
Refreshing native plugins compatible for Editor in 0.98 ms, found 2 plugins.
Preloading 0 native plugins for Editor in 0.00 ms.
Unloading 4289 Unused Serialized files (Serialized files now loaded: 0)
System memory in use before: 398.6 MB.
System memory in use after: 399.1 MB.

Unloading 51 unused Assets to reduce memory usage. Loaded Objects now: 5435.
Total: 6.426466 ms (FindLiveObjects: 0.543011 ms CreateObjectMapping: 0.411849 ms MarkObjects: 5.423005 ms  DeleteObjects: 0.047705 ms)

========================================================================
Received Import Request.
  Time since last request: 87.558891 seconds.
  path: Assets/Materials + Shaders/1.1/green.mat
  artifactKey: Guid(fff628d42163c4f93a540a2cc89d46f1) Importer(815301076,1909f56bfc062723c751e8b465ee728b)
Start importing Assets/Materials + Shaders/1.1/green.mat using Guid(fff628d42163c4f93a540a2cc89d46f1) Importer(815301076,1909f56bfc062723c751e8b465ee728b)  -> (artifact id: '0368593f94ab1f8858e6e886cbf34d07') in 0.561760 seconds
  Import took 0.569728 seconds .

========================================================================
Received Import Request.
  Time since last request: 0.000157 seconds.
  path: Assets/Materials + Shaders/1.1/red.mat
  artifactKey: Guid(96821b4fff1c4496bba7f812fc3b5e84) Importer(815301076,1909f56bfc062723c751e8b465ee728b)
Start importing Assets/Materials + Shaders/1.1/red.mat using Guid(96821b4fff1c4496bba7f812fc3b5e84) Importer(815301076,1909f56bfc062723c751e8b465ee728b)  -> (artifact id: '098c5814d53fe686abc0b30ddba640c2') in 0.097493 seconds
  Import took 0.104791 seconds .

========================================================================
Received Import Request.
  Time since last request: 18.874407 seconds.
  path: Assets/Materials + Shaders/default.mat
  artifactKey: Guid(9d0cc540beacc461db30167af7ee14d8) Importer(815301076,1909f56bfc062723c751e8b465ee728b)
Start importing Assets/Materials + Shaders/default.mat using Guid(9d0cc540beacc461db30167af7ee14d8) Importer(815301076,1909f56bfc062723c751e8b465ee728b)  -> (artifact id: 'cbc993d7b4d8329aae0d26a14e79a767') in 0.141065 seconds
  Import took 0.154406 seconds .

========================================================================
Received Import Request.
  Time since last request: 5.553014 seconds.
  path: Assets/1.4VFX.vfx
  artifactKey: Guid(9b607fe7eb111457481dda907f260612) Importer(815301076,1909f56bfc062723c751e8b465ee728b)
Start importing Assets/1.4VFX.vfx using Guid(9b607fe7eb111457481dda907f260612) Importer(815301076,1909f56bfc062723c751e8b465ee728b)  -> (artifact id: '2e9960b3008c5f8fbe280d41a2289b64') in 0.005776 seconds
  Import took 0.012918 seconds .

========================================================================
Received Import Request.
  Time since last request: 0.002254 seconds.
  path: Assets/UniversalRenderPipelineAsset.asset
  artifactKey: Guid(587c4b84bda804a10aa9eb4cb34a9f62) Importer(815301076,1909f56bfc062723c751e8b465ee728b)
Start importing Assets/UniversalRenderPipelineAsset.asset using Guid(587c4b84bda804a10aa9eb4cb34a9f62) Importer(815301076,1909f56bfc062723c751e8b465ee728b)  -> (artifact id: 'f91d804b094f6f8b9fcde35044c4cbe8') in 0.005034 seconds
  Import took 0.012558 seconds .

========================================================================
Received Import Request.
  Time since last request: 0.000161 seconds.
  path: Assets/UniversalRenderPipelineAsset_Renderer.asset
  artifactKey: Guid(049d3365051834e6584ab75c5f070ccd) Importer(815301076,1909f56bfc062723c751e8b465ee728b)
Start importing Assets/UniversalRenderPipelineAsset_Renderer.asset using Guid(049d3365051834e6584ab75c5f070ccd) Importer(815301076,1909f56bfc062723c751e8b465ee728b)  -> (artifact id: '38d1905d8cbf387ea12af692e4c7fd49') in 0.004027 seconds
  Import took 0.010973 seconds .

========================================================================
Received Import Request.
  Time since last request: 2.139828 seconds.
  path: Assets/iStock-1289215271.jpg
  artifactKey: Guid(5e4cba536fe604de599d87cc3ddab8d7) Importer(815301076,1909f56bfc062723c751e8b465ee728b)
Start importing Assets/iStock-1289215271.jpg using Guid(5e4cba536fe604de599d87cc3ddab8d7) Importer(815301076,1909f56bfc062723c751e8b465ee728b)  -> (artifact id: '80f7beac84a9cf70ccbc2db41be61925') in 0.024729 seconds
  Import took 0.031167 seconds .

========================================================================
Received Import Request.
  Time since last request: 0.018442 seconds.
  path: Assets/iStock-1289215271.jpg
  artifactKey: Guid(5e4cba536fe604de599d87cc3ddab8d7) Importer(815301076,1909f56bfc062723c751e8b465ee728b)
Start importing Assets/iStock-1289215271.jpg using Guid(5e4cba536fe604de599d87cc3ddab8d7) Importer(815301076,1909f56bfc062723c751e8b465ee728b)  -> (artifact id: '80f7beac84a9cf70ccbc2db41be61925') in 0.007229 seconds
  Import took 0.013733 seconds .

========================================================================
Received Import Request.
  Time since last request: 5.060108 seconds.
  path: Assets/Scenes
  artifactKey: Guid(917a77fbf2c0a4ed5b409bcb8517ec83) Importer(815301076,1909f56bfc062723c751e8b465ee728b)
Start importing Assets/Scenes using Guid(917a77fbf2c0a4ed5b409bcb8517ec83) Importer(815301076,1909f56bfc062723c751e8b465ee728b)  -> (artifact id: 'd30943ab8bec061de83f600464e66e9f') in 0.002383 seconds
  Import took 0.009302 seconds .

========================================================================
Received Import Request.
  Time since last request: 0.001279 seconds.
  path: Assets/Scenes
  artifactKey: Guid(917a77fbf2c0a4ed5b409bcb8517ec83) Importer(815301076,1909f56bfc062723c751e8b465ee728b)
Start importing Assets/Scenes using Guid(917a77fbf2c0a4ed5b409bcb8517ec83) Importer(815301076,1909f56bfc062723c751e8b465ee728b)  -> (artifact id: 'd30943ab8bec061de83f600464e66e9f') in 0.000772 seconds
  Import took 0.007400 seconds .

AssetImportWorkerClient::OnTransportError - code=2 error=End of file
