Unity Editor version:    2020.3.19f1 (68f137dc9bbe)
Branch:                  2020.3/staging
Build type:              Release
Batch mode:              YES
macOS version:           Version 11.6 (Build 20G165)
Darwin version:          20.6.0
Architecture:            x86_64
Running under Rosetta:   NO
Available memory:        16384 MB
Using pre-set license
Pro License: NO

COMMAND LINE ARGUMENTS:
/Applications/Unity/Hub/Editor/2020.3.19f1/Unity.app/Contents/MacOS/Unity
-adb2
-batchMode
-noUpm
-name
AssetImportWorker0
-projectPath
/Users/adrian.armijos.kruge/Documents/GitHub/unityTest/Unity files/Birrar
-logFile
Logs/AssetImportWorker0.log
-srvPort
63222
Successfully changed project path to: /Users/adrian.armijos.kruge/Documents/GitHub/unityTest/Unity files/Birrar
/Users/adrian.armijos.kruge/Documents/GitHub/unityTest/Unity files/Birrar
Using Asset Import Pipeline V2.
Refreshing native plugins compatible for Editor in 26.99 ms, found 2 plugins.
Preloading 0 native plugins for Editor in 0.00 ms.
Initialize engine version: 2020.3.19f1 (68f137dc9bbe)
[Subsystems] Discovering subsystems at path /Applications/Unity/Hub/Editor/2020.3.19f1/Unity.app/Contents/Resources/UnitySubsystems
[Subsystems] Discovering subsystems at path /Users/adrian.armijos.kruge/Documents/GitHub/unityTest/Unity files/Birrar/Assets
GfxDevice: creating device client; threaded=0
2021-10-13 13:00:49.809 Unity[44306:5443569] iMac preferred device: AMD Radeon Pro Vega 20 (high power)
2021-10-13 13:00:49.809 Unity[44306:5443569] Metal devices available: 1
2021-10-13 13:00:49.809 Unity[44306:5443569] 0: AMD Radeon Pro Vega 20 (high power)
2021-10-13 13:00:49.809 Unity[44306:5443569] Using device AMD Radeon Pro Vega 20 (high power)
Initializing Metal device caps: AMD Radeon Pro Vega 20
Initialize mono
Mono path[0] = '/Applications/Unity/Hub/Editor/2020.3.19f1/Unity.app/Contents/Managed'
Mono path[1] = '/Applications/Unity/Hub/Editor/2020.3.19f1/Unity.app/Contents/MonoBleedingEdge/lib/mono/unityjit'
Mono config path = '/Applications/Unity/Hub/Editor/2020.3.19f1/Unity.app/Contents/MonoBleedingEdge/etc'
Using monoOptions --debugger-agent=transport=dt_socket,embedding=1,server=y,suspend=n,address=127.0.0.1:56306
Begin MonoManager ReloadAssembly
Registering precompiled unity dll's ...
Register platform support module: /Applications/Unity/Hub/Editor/2020.3.19f1/PlaybackEngines/WebGLSupport/UnityEditor.WebGL.Extensions.dll
Register platform support module: /Applications/Unity/Hub/Editor/2020.3.19f1/Unity.app/Contents/PlaybackEngines/MacStandaloneSupport/UnityEditor.OSXStandalone.Extensions.dll
Registered in 0.001674 seconds.
Native extension for OSXStandalone target not found
Native extension for WebGL target not found
Refreshing native plugins compatible for Editor in 26.67 ms, found 2 plugins.
Preloading 0 native plugins for Editor in 0.00 ms.
Mono: successfully reloaded assembly
- Completed reload, in  1.498 seconds
Domain Reload Profiling:
	ReloadAssembly (1498ms)
		BeginReloadAssembly (44ms)
			ExecutionOrderSort (0ms)
			DisableScriptedObjects (0ms)
			BackupInstance (0ms)
			ReleaseScriptingObjects (0ms)
			CreateAndSetChildDomain (1ms)
		EndReloadAssembly (457ms)
			LoadAssemblies (45ms)
			RebuildTransferFunctionScriptingTraits (0ms)
			SetupTypeCache (182ms)
			ReleaseScriptCaches (0ms)
			RebuildScriptCaches (40ms)
			SetupLoadedEditorAssemblies (183ms)
				LogAssemblyErrors (0ms)
				InitializePlatformSupportModulesInManaged (4ms)
				SetLoadedEditorAssemblies (0ms)
				RefreshPlugins (27ms)
				BeforeProcessingInitializeOnLoad (10ms)
				ProcessInitializeOnLoadAttributes (106ms)
				ProcessInitializeOnLoadMethodAttributes (36ms)
				AfterProcessingInitializeOnLoad (0ms)
				EditorAssembliesLoaded (0ms)
			ExecutionOrderSort2 (0ms)
			AwakeInstancesAfterBackupRestoration (0ms)
Platform modules already initialized, skipping
Registering precompiled user dll's ...
Registered in 0.001586 seconds.
Begin MonoManager ReloadAssembly
Native extension for OSXStandalone target not found
Native extension for WebGL target not found
Refreshing native plugins compatible for Editor in 0.25 ms, found 2 plugins.
Preloading 0 native plugins for Editor in 0.00 ms.
Mono: successfully reloaded assembly
- Completed reload, in  1.036 seconds
Domain Reload Profiling:
	ReloadAssembly (1036ms)
		BeginReloadAssembly (155ms)
			ExecutionOrderSort (0ms)
			DisableScriptedObjects (5ms)
			BackupInstance (0ms)
			ReleaseScriptingObjects (0ms)
			CreateAndSetChildDomain (28ms)
		EndReloadAssembly (818ms)
			LoadAssemblies (86ms)
			RebuildTransferFunctionScriptingTraits (0ms)
			SetupTypeCache (297ms)
			ReleaseScriptCaches (0ms)
			RebuildScriptCaches (50ms)
			SetupLoadedEditorAssemblies (285ms)
				LogAssemblyErrors (0ms)
				InitializePlatformSupportModulesInManaged (5ms)
				SetLoadedEditorAssemblies (0ms)
				RefreshPlugins (0ms)
				BeforeProcessingInitializeOnLoad (62ms)
				ProcessInitializeOnLoadAttributes (212ms)
				ProcessInitializeOnLoadMethodAttributes (4ms)
				AfterProcessingInitializeOnLoad (2ms)
				EditorAssembliesLoaded (0ms)
			ExecutionOrderSort2 (0ms)
			AwakeInstancesAfterBackupRestoration (7ms)
Platform modules already initialized, skipping
Validating Project structure ... 0.000224 seconds.
Shader import version has changed; will reimport all shaders...
Upgrading shader files ...0.000248 seconds.
Application.AssetDatabase Initial Script Refresh Start
RefreshInfo: InitialScriptRefreshV2(NoUpdateAssetOptions) scanfilter:  ... 1 filters
RefreshProfiler: Total: 0.000ms
Application.AssetDatabase Initial Script Refresh End
Application.AssetDatabase.Refresh Start
Application.AssetDatabase.Refresh End
RefreshInfo: StopAssetImportingV2(ForceSynchronousImport) scanfilter: 
RefreshProfiler: Total: 0.000ms
Launching external process: /Applications/Unity/Hub/Editor/2020.3.19f1/Unity.app/Contents/Tools/UnityShaderCompiler
Launched and connected shader compiler UnityShaderCompiler after 0.01 seconds
Initializing Unity extensions:
========================================================================
Worker process is ready to serve import requests
Refreshing native plugins compatible for Editor in 0.20 ms, found 2 plugins.
Preloading 0 native plugins for Editor in 0.00 ms.
Unloading 1399 Unused Serialized files (Serialized files now loaded: 0)
System memory in use before: 157.1 MB.
System memory in use after: 156.2 MB.

Unloading 77 unused Assets to reduce memory usage. Loaded Objects now: 1873.
Total: 2.743225 ms (FindLiveObjects: 0.131443 ms CreateObjectMapping: 0.036595 ms MarkObjects: 2.163740 ms  DeleteObjects: 0.410776 ms)

AssetImportParameters requested are different than current active one (requested -> active):
  custom:video-decoder-ogg-theora: a1e56fd34408186e4bbccfd4996cb3dc -> 
  custom:container-muxer-webm: aa71ff27fc2769a1b78a27578f13a17b -> 
  custom:container-demuxer-webm: 4f35f7cbe854078d1ac9338744f61a02 -> 
  custom:container-demuxer-ogg: 62fdf1f143b41e24485cea50d1cbac27 -> 
  custom:video-encoder-webm-vp8: eb34c28f22e8b96e1ab97ce403110664 -> 
  custom:framework-osx-AVFoundation: e770b220cccbd017edd2c1fefb359320 -> 
  custom:video-decoder-webm-vp8: 9c59270c3fd7afecdb556c50c9e8de78 -> 
  custom:audio-decoder-ogg-vorbis: bf7c407c2cedff20999df2af8eb42d56 -> 
  custom:audio-encoder-webm-vorbis: bf7c407c2cedff20999df2af8eb42d56 -> 
========================================================================
Received Import Request.
  path: Assets/Scenes/SampleScene.unity
  artifactKey: Guid(9fc0d4010bbf28b4594072e72b8655ab) Importer(815301076,1909f56bfc062723c751e8b465ee728b)
Start importing Assets/Scenes/SampleScene.unity using Guid(9fc0d4010bbf28b4594072e72b8655ab) Importer(815301076,1909f56bfc062723c751e8b465ee728b)  -> (artifact id: '85059f4f9e1a832ed95adaa0d25c5c4c') in 0.008728 seconds 
  Import took 0.010579 seconds .

========================================================================
Received Import Request.
  Time since last request: 1.640618 seconds.
  path: Assets/GettingStarted_Jobs/pfZombie.prefab
  artifactKey: Guid(f2696926dc02fc94c80f016fcb8d7dd7) Importer(815301076,1909f56bfc062723c751e8b465ee728b)
Start importing Assets/GettingStarted_Jobs/pfZombie.prefab using Guid(f2696926dc02fc94c80f016fcb8d7dd7) Importer(815301076,1909f56bfc062723c751e8b465ee728b)  -> (artifact id: '49eec2dfd8357701ea9120995550db88') in 1.075779 seconds 
  Import took 1.077916 seconds .

========================================================================
Received Import Request.
  Time since last request: 0.002511 seconds.
  path: Assets/GettingStarted_Jobs/GettingStarted_Jobs.unity
  artifactKey: Guid(2cda990e2423bbf4892e6590ba056729) Importer(815301076,1909f56bfc062723c751e8b465ee728b)
Start importing Assets/GettingStarted_Jobs/GettingStarted_Jobs.unity using Guid(2cda990e2423bbf4892e6590ba056729) Importer(815301076,1909f56bfc062723c751e8b465ee728b)  -> (artifact id: '7c270e726a417ec7b7252f16e8acbd5a') in 0.001104 seconds 
  Import took 0.003117 seconds .

========================================================================
Received Import Request.
  Time since last request: 0.000174 seconds.
  path: Assets/GettingStarted_Jobs/ZombieFlyingBody.png
  artifactKey: Guid(ced2615acfafe734e91e5567ff150726) Importer(815301076,1909f56bfc062723c751e8b465ee728b)
Start importing Assets/GettingStarted_Jobs/ZombieFlyingBody.png using Guid(ced2615acfafe734e91e5567ff150726) Importer(815301076,1909f56bfc062723c751e8b465ee728b)  -> (artifact id: 'b3bed9160c26d724d7c97f182b081bc6') in 0.825383 seconds 
  Import took 0.827214 seconds .

========================================================================
Received Import Request.
  Time since last request: 6.988031 seconds.
  path: Assets/GettingStarted_Jobs/Testing.cs
  artifactKey: Guid(63d6b250180797142bb60b1202ef0c2f) Importer(815301076,1909f56bfc062723c751e8b465ee728b)
Start importing Assets/GettingStarted_Jobs/Testing.cs using Guid(63d6b250180797142bb60b1202ef0c2f) Importer(815301076,1909f56bfc062723c751e8b465ee728b)  -> (artifact id: '25987668c64bf0fb6314a1ed52dc3bd8') in 1.841313 seconds 
  Import took 1.843320 seconds .

========================================================================
Received Import Request.
  Time since last request: 342.291060 seconds.
  path: Assets/GettingStarted_Jobs/Testing.cs
  artifactKey: Guid(63d6b250180797142bb60b1202ef0c2f) Importer(815301076,1909f56bfc062723c751e8b465ee728b)
Start importing Assets/GettingStarted_Jobs/Testing.cs using Guid(63d6b250180797142bb60b1202ef0c2f) Importer(815301076,1909f56bfc062723c751e8b465ee728b)  -> (artifact id: 'de6127deefc77c4e029a21180a4829ae') in 0.003429 seconds 
  Import took 0.005915 seconds .

